<?xml version="1.0" encoding="UTF-8"?>
<coverage generated="1776175997159" clover="3.2.0">
  <project timestamp="1776175997160" name="All files">
    <metrics statements="202" coveredstatements="170" conditionals="207" coveredconditionals="147" methods="78" coveredmethods="56" elements="487" coveredelements="373" complexity="0" loc="202" ncloc="202" packages="2" files="5" classes="5"/>
    <package name="app.components">
      <metrics statements="91" coveredstatements="64" conditionals="83" coveredconditionals="43" methods="54" coveredmethods="34"/>
      <file name="AlertsFeed.tsx" path="C:\Users\abhin\Desktop\prompt-wars\venue-iq\src\app\components\AlertsFeed.tsx">
        <metrics statements="40" coveredstatements="30" conditionals="18" coveredconditionals="9" methods="20" coveredmethods="14"/>
        <line num="1" count="1" type="stmt"/>
        <line num="12" count="1" type="stmt"/>
        <line num="14" count="6" type="stmt"/>
        <line num="20" count="1" type="stmt"/>
        <line num="30" count="6" type="stmt"/>
        <line num="39" count="1" type="stmt"/>
        <line num="48" count="1" type="stmt"/>
        <line num="60" count="12" type="stmt"/>
        <line num="61" count="12" type="cond" truecount="1" falsecount="1"/>
        <line num="62" count="12" type="stmt"/>
        <line num="63" count="12" type="cond" truecount="1" falsecount="1"/>
        <line num="64" count="12" type="cond" truecount="1" falsecount="1"/>
        <line num="65" count="0" type="stmt"/>
        <line num="66" count="0" type="stmt"/>
        <line num="70" count="3" type="stmt"/>
        <line num="71" count="3" type="stmt"/>
        <line num="73" count="3" type="stmt"/>
        <line num="74" count="3" type="stmt"/>
        <line num="75" count="3" type="stmt"/>
        <line num="77" count="3" type="stmt"/>
        <line num="78" count="2" type="stmt"/>
        <line num="81" count="3" type="stmt"/>
        <line num="82" count="3" type="stmt"/>
        <line num="83" count="0" type="stmt"/>
        <line num="84" count="0" type="stmt"/>
        <line num="85" count="0" type="stmt"/>
        <line num="92" count="0" type="stmt"/>
        <line num="93" count="0" type="cond" truecount="0" falsecount="2"/>
        <line num="94" count="0" type="stmt"/>
        <line num="97" count="3" type="stmt"/>
        <line num="100" count="3" type="stmt"/>
        <line num="101" count="0" type="cond" truecount="0" falsecount="2"/>
        <line num="104" count="3" type="stmt"/>
        <line num="105" count="6" type="stmt"/>
        <line num="108" count="18" type="stmt"/>
        <line num="110" count="3" type="stmt"/>
        <line num="148" count="12" type="stmt"/>
        <line num="149" count="12" type="stmt"/>
        <line num="151" count="12" type="stmt"/>
        <line num="172" count="0" type="stmt"/>
      </file>
      <file name="HomeTab.tsx" path="C:\Users\abhin\Desktop\prompt-wars\venue-iq\src\app\components\HomeTab.tsx">
        <metrics statements="32" coveredstatements="26" conditionals="48" coveredconditionals="32" methods="22" coveredmethods="16"/>
        <line num="1" count="1" type="stmt"/>
        <line num="19" count="3" type="stmt"/>
        <line num="20" count="3" type="stmt"/>
        <line num="21" count="3" type="stmt"/>
        <line num="22" count="3" type="stmt"/>
        <line num="23" count="3" type="stmt"/>
        <line num="24" count="3" type="stmt"/>
        <line num="25" count="3" type="stmt"/>
        <line num="26" count="3" type="stmt"/>
        <line num="28" count="3" type="stmt"/>
        <line num="30" count="3" type="stmt"/>
        <line num="31" count="3" type="stmt"/>
        <line num="32" count="3" type="stmt"/>
        <line num="35" count="3" type="stmt"/>
        <line num="36" count="3" type="stmt"/>
        <line num="37" count="3" type="stmt"/>
        <line num="39" count="3" type="stmt"/>
        <line num="45" count="0" type="stmt"/>
        <line num="46" count="0" type="stmt"/>
        <line num="49" count="3" type="stmt"/>
        <line num="72" count="3" type="stmt"/>
        <line num="79" count="3" type="stmt"/>
        <line num="141" count="0" type="stmt"/>
        <line num="218" count="12" type="stmt"/>
        <line num="219" count="12" type="stmt"/>
        <line num="245" count="0" type="cond" truecount="0" falsecount="2"/>
        <line num="265" count="3" type="stmt"/>
        <line num="277" count="12" type="stmt"/>
        <line num="278" count="12" type="stmt"/>
        <line num="317" count="12" type="stmt"/>
        <line num="319" count="0" type="stmt"/>
        <line num="337" count="0" type="stmt"/>
      </file>
      <file name="NavigationPanel.tsx" path="C:\Users\abhin\Desktop\prompt-wars\venue-iq\src\app\components\NavigationPanel.tsx">
        <metrics statements="12" coveredstatements="1" conditionals="15" coveredconditionals="0" methods="7" coveredmethods="0"/>
        <line num="1" count="1" type="stmt"/>
        <line num="17" count="0" type="stmt"/>
        <line num="18" count="0" type="stmt"/>
        <line num="20" count="0" type="stmt"/>
        <line num="21" count="0" type="cond" truecount="0" falsecount="2"/>
        <line num="22" count="0" type="stmt"/>
        <line num="25" count="0" type="cond" truecount="0" falsecount="2"/>
        <line num="26" count="0" type="stmt"/>
        <line num="34" count="0" type="stmt"/>
        <line num="46" count="0" type="stmt"/>
        <line num="58" count="0" type="stmt"/>
        <line num="104" count="0" type="stmt"/>
      </file>
      <file name="SplashScreen.tsx" path="C:\Users\abhin\Desktop\prompt-wars\venue-iq\src\app\components\SplashScreen.tsx">
        <metrics statements="7" coveredstatements="7" conditionals="2" coveredconditionals="2" methods="5" coveredmethods="4"/>
        <line num="1" count="1" type="stmt"/>
        <line num="11" count="1" type="stmt"/>
        <line num="13" count="1" type="stmt"/>
        <line num="14" count="1" type="stmt"/>
        <line num="15" count="1" type="stmt"/>
        <line num="18" count="1" type="stmt"/>
        <line num="73" count="5" type="stmt"/>
      </file>
    </package>
    <package name="lib">
      <metrics statements="111" coveredstatements="106" conditionals="124" coveredconditionals="104" methods="24" coveredmethods="22"/>
      <file name="venueData.ts" path="C:\Users\abhin\Desktop\prompt-wars\venue-iq\src\lib\venueData.ts">
        <metrics statements="111" coveredstatements="106" conditionals="124" coveredconditionals="104" methods="24" coveredmethods="22"/>
        <line num="3" count="2" type="stmt"/>
        <line num="17" count="2" type="stmt"/>
        <line num="25" count="12" type="cond" truecount="3" falsecount="0"/>
        <line num="27" count="10" type="stmt"/>
        <line num="29" count="1" type="stmt"/>
        <line num="31" count="1" type="stmt"/>
        <line num="36" count="9" type="cond" truecount="3" falsecount="0"/>
        <line num="38" count="7" type="stmt"/>
        <line num="40" count="1" type="stmt"/>
        <line num="42" count="1" type="stmt"/>
        <line num="47" count="46" type="stmt"/>
        <line num="48" count="8" type="cond" truecount="1" falsecount="1"/>
        <line num="49" count="8" type="stmt"/>
        <line num="50" count="4" type="cond" truecount="2" falsecount="0"/>
        <line num="55" count="5" type="stmt"/>
        <line num="56" count="18" type="stmt"/>
        <line num="58" count="5" type="cond" truecount="4" falsecount="0"/>
        <line num="59" count="4" type="cond" truecount="1" falsecount="1"/>
        <line num="60" count="4" type="stmt"/>
        <line num="64" count="3" type="stmt"/>
        <line num="67" count="33" type="stmt"/>
        <line num="71" count="3" type="stmt"/>
        <line num="91" count="2" type="stmt"/>
        <line num="99" count="30" type="stmt"/>
        <line num="101" count="30" type="stmt"/>
        <line num="102" count="30" type="cond" truecount="2" falsecount="0"/>
        <line num="103" count="26" type="cond" truecount="4" falsecount="0"/>
        <line num="104" count="6" type="cond" truecount="4" falsecount="0"/>
        <line num="105" count="4" type="cond" truecount="4" falsecount="0"/>
        <line num="106" count="1" type="cond" truecount="3" falsecount="1"/>
        <line num="109" count="4" type="cond" truecount="2" falsecount="0"/>
        <line num="110" count="3" type="cond" truecount="2" falsecount="0"/>
        <line num="111" count="2" type="cond" truecount="2" falsecount="0"/>
        <line num="112" count="1" type="cond" truecount="1" falsecount="1"/>
        <line num="113" count="0" type="cond" truecount="0" falsecount="2"/>
        <line num="115" count="0" type="stmt"/>
        <line num="133" count="16" type="cond" truecount="2" falsecount="0"/>
        <line num="135" count="14" type="stmt"/>
        <line num="136" count="14" type="stmt"/>
        <line num="138" count="323" type="stmt"/>
        <line num="140" count="14" type="stmt"/>
        <line num="141" count="14" type="stmt"/>
        <line num="142" count="14" type="stmt"/>
        <line num="143" count="14" type="stmt"/>
        <line num="146" count="14" type="cond" truecount="2" falsecount="0"/>
        <line num="147" count="2" type="stmt"/>
        <line num="148" count="8" type="cond" truecount="2" falsecount="0"/>
        <line num="149" count="3" type="stmt"/>
        <line num="150" count="33" type="cond" truecount="2" falsecount="0"/>
        <line num="151" count="1" type="stmt"/>
        <line num="152" count="3" type="cond" truecount="1" falsecount="1"/>
        <line num="154" count="2" type="stmt"/>
        <line num="155" count="2" type="stmt"/>
        <line num="156" count="2" type="stmt"/>
        <line num="157" count="2" type="stmt"/>
        <line num="160" count="14" type="stmt"/>
        <line num="162" count="14" type="cond" truecount="2" falsecount="0"/>
        <line num="163" count="2" type="stmt"/>
        <line num="164" count="22" type="cond" truecount="3" falsecount="1"/>
        <line num="165" count="6" type="stmt"/>
        <line num="166" count="2" type="stmt"/>
        <line num="168" count="12" type="stmt"/>
        <line num="171" count="14" type="cond" truecount="4" falsecount="0"/>
        <line num="172" count="5" type="stmt"/>
        <line num="173" count="55" type="cond" truecount="5" falsecount="0"/>
        <line num="174" count="0" type="stmt"/>
        <line num="176" count="5" type="cond" truecount="3" falsecount="1"/>
        <line num="177" count="5" type="stmt"/>
        <line num="179" count="9" type="cond" truecount="2" falsecount="0"/>
        <line num="180" count="6" type="stmt"/>
        <line num="183" count="14" type="cond" truecount="4" falsecount="0"/>
        <line num="184" count="4" type="stmt"/>
        <line num="185" count="44" type="cond" truecount="4" falsecount="1"/>
        <line num="186" count="0" type="stmt"/>
        <line num="188" count="4" type="cond" truecount="3" falsecount="1"/>
        <line num="189" count="4" type="stmt"/>
        <line num="193" count="14" type="cond" truecount="2" falsecount="0"/>
        <line num="194" count="2" type="cond" truecount="3" falsecount="1"/>
        <line num="195" count="2" type="stmt"/>
        <line num="197" count="2" type="cond" truecount="1" falsecount="1"/>
        <line num="198" count="2" type="stmt"/>
        <line num="202" count="14" type="cond" truecount="1" falsecount="1"/>
        <line num="203" count="0" type="stmt"/>
        <line num="206" count="14" type="stmt"/>
        <line num="224" count="2" type="stmt"/>
        <line num="231" count="2" type="stmt"/>
        <line num="244" count="8" type="stmt"/>
        <line num="245" count="8" type="cond" truecount="1" falsecount="1"/>
        <line num="246" count="8" type="cond" truecount="1" falsecount="1"/>
        <line num="247" count="8" type="stmt"/>
        <line num="248" count="8" type="stmt"/>
        <line num="251" count="8" type="stmt"/>
        <line num="258" count="8" type="cond" truecount="2" falsecount="0"/>
        <line num="259" count="2" type="stmt"/>
        <line num="267" count="8" type="stmt"/>
        <line num="268" count="8" type="cond" truecount="2" falsecount="0"/>
        <line num="269" count="6" type="stmt"/>
        <line num="270" count="6" type="cond" truecount="1" falsecount="1"/>
        <line num="271" count="6" type="cond" truecount="2" falsecount="0"/>
        <line num="272" count="1" type="stmt"/>
        <line num="278" count="5" type="stmt"/>
        <line num="287" count="8" type="stmt"/>
        <line num="294" count="8" type="cond" truecount="1" falsecount="1"/>
        <line num="295" count="8" type="cond" truecount="1" falsecount="1"/>
        <line num="296" count="8" type="stmt"/>
        <line num="303" count="8" type="cond" truecount="2" falsecount="0"/>
        <line num="304" count="8" type="cond" truecount="2" falsecount="0"/>
        <line num="305" count="8" type="cond" truecount="2" falsecount="0"/>
        <line num="307" count="8" type="stmt"/>
        <line num="312" count="14" type="stmt"/>
        <line num="318" count="14" type="cond" truecount="1" falsecount="1"/>
      </file>
    </package>
  </project>
</coverage>
