{"C:\\Users\\abhin\\Desktop\\prompt-wars\\venue-iq\\src\\app\\components\\AlertsFeed.tsx": {"path":"C:\\Users\\abhin\\Desktop\\prompt-wars\\venue-iq\\src\\app\\components\\AlertsFeed.tsx","statementMap":{"0":{"start":{"line":1,"column":0},"end":{"line":1,"column":null}},"1":{"start":{"line":12,"column":19},"end":{"line":12,"column":null}},"2":{"start":{"line":14,"column":2},"end":{"line":14,"column":null}},"3":{"start":{"line":20,"column":4},"end":{"line":27,"column":null}},"4":{"start":{"line":30,"column":2},"end":{"line":36,"column":null}},"5":{"start":{"line":39,"column":32},"end":{"line":46,"column":null}},"6":{"start":{"line":48,"column":63},"end":{"line":57,"column":null}},"7":{"start":{"line":60,"column":18},"end":{"line":60,"column":66}},"8":{"start":{"line":61,"column":2},"end":{"line":61,"column":null}},"9":{"start":{"line":61,"column":20},"end":{"line":61,"column":null}},"10":{"start":{"line":62,"column":18},"end":{"line":62,"column":42}},"11":{"start":{"line":63,"column":2},"end":{"line":63,"column":null}},"12":{"start":{"line":63,"column":21},"end":{"line":63,"column":null}},"13":{"start":{"line":64,"column":2},"end":{"line":64,"column":null}},"14":{"start":{"line":64,"column":20},"end":{"line":64,"column":null}},"15":{"start":{"line":65,"column":16},"end":{"line":65,"column":40}},"16":{"start":{"line":66,"column":2},"end":{"line":66,"column":null}},"17":{"start":{"line":70,"column":8},"end":{"line":70,"column":77}},"18":{"start":{"line":70,"column":53},"end":{"line":70,"column":77}},"19":{"start":{"line":71,"column":8},"end":{"line":71,"column":53}},"20":{"start":{"line":71,"column":41},"end":{"line":71,"column":53}},"21":{"start":{"line":73,"column":17},"end":{"line":73,"column":63}},"22":{"start":{"line":74,"column":8},"end":{"line":74,"column":29}},"23":{"start":{"line":75,"column":8},"end":{"line":75,"column":40}},"24":{"start":{"line":77,"column":2},"end":{"line":79,"column":null}},"25":{"start":{"line":78,"column":4},"end":{"line":78,"column":null}},"26":{"start":{"line":81,"column":2},"end":{"line":98,"column":null}},"27":{"start":{"line":82,"column":21},"end":{"line":96,"column":13}},"28":{"start":{"line":83,"column":23},"end":{"line":83,"column":null}},"29":{"start":{"line":84,"column":6},"end":{"line":84,"column":null}},"30":{"start":{"line":85,"column":30},"end":{"line":91,"column":null}},"31":{"start":{"line":92,"column":6},"end":{"line":92,"column":null}},"32":{"start":{"line":92,"column":26},"end":{"line":92,"column":45}},"33":{"start":{"line":93,"column":6},"end":{"line":94,"column":null}},"34":{"start":{"line":94,"column":8},"end":{"line":94,"column":null}},"35":{"start":{"line":97,"column":4},"end":{"line":97,"column":null}},"36":{"start":{"line":97,"column":17},"end":{"line":97,"column":40}},"37":{"start":{"line":100,"column":8},"end":{"line":102,"column":8}},"38":{"start":{"line":101,"column":4},"end":{"line":101,"column":null}},"39":{"start":{"line":101,"column":24},"end":{"line":101,"column":86}},"40":{"start":{"line":101,"column":41},"end":{"line":101,"column":86}},"41":{"start":{"line":104,"column":8},"end":{"line":106,"column":8}},"42":{"start":{"line":105,"column":4},"end":{"line":105,"column":null}},"43":{"start":{"line":105,"column":24},"end":{"line":105,"column":68}},"44":{"start":{"line":105,"column":41},"end":{"line":105,"column":68}},"45":{"start":{"line":108,"column":24},"end":{"line":108,"column":58}},"46":{"start":{"line":108,"column":45},"end":{"line":108,"column":58}},"47":{"start":{"line":110,"column":2},"end":{"line":181,"column":null}},"48":{"start":{"line":148,"column":29},"end":{"line":148,"column":null}},"49":{"start":{"line":149,"column":27},"end":{"line":149,"column":null}},"50":{"start":{"line":151,"column":14},"end":{"line":177,"column":null}},"51":{"start":{"line":172,"column":35},"end":{"line":172,"column":57}}},"fnMap":{"0":{"name":"genAlertId","decl":{"start":{"line":13,"column":9},"end":{"line":13,"column":22}},"loc":{"start":{"line":13,"column":22},"end":{"line":14,"column":null}},"line":13},"1":{"name":"makeAlert","decl":{"start":{"line":29,"column":9},"end":{"line":29,"column":19}},"loc":{"start":{"line":29,"column":84},"end":{"line":36,"column":null}},"line":29},"2":{"name":"relativeTime","decl":{"start":{"line":59,"column":9},"end":{"line":59,"column":22}},"loc":{"start":{"line":59,"column":42},"end":{"line":66,"column":null}},"line":59},"3":{"name":"AlertsFeed","decl":{"start":{"line":69,"column":24},"end":{"line":69,"column":37}},"loc":{"start":{"line":69,"column":37},"end":{"line":181,"column":null}},"line":69},"4":{"name":"(anonymous_4)","decl":{"start":{"line":70,"column":32},"end":{"line":70,"column":47}},"loc":{"start":{"line":70,"column":53},"end":{"line":70,"column":77}},"line":70},"5":{"name":"(anonymous_5)","decl":{"start":{"line":71,"column":20},"end":{"line":71,"column":35}},"loc":{"start":{"line":71,"column":41},"end":{"line":71,"column":53}},"line":71},"6":{"name":"(anonymous_6)","decl":{"start":{"line":77,"column":2},"end":{"line":77,"column":18}},"loc":{"start":{"line":77,"column":18},"end":{"line":79,"column":6}},"line":77},"7":{"name":"(anonymous_7)","decl":{"start":{"line":81,"column":2},"end":{"line":81,"column":18}},"loc":{"start":{"line":81,"column":18},"end":{"line":98,"column":6}},"line":81},"8":{"name":"(anonymous_8)","decl":{"start":{"line":82,"column":21},"end":{"line":82,"column":39}},"loc":{"start":{"line":82,"column":39},"end":{"line":96,"column":13}},"line":82},"9":{"name":"(anonymous_9)","decl":{"start":{"line":92,"column":6},"end":{"line":92,"column":17}},"loc":{"start":{"line":92,"column":26},"end":{"line":92,"column":45}},"line":92},"10":{"name":"(anonymous_10)","decl":{"start":{"line":97,"column":4},"end":{"line":97,"column":17}},"loc":{"start":{"line":97,"column":17},"end":{"line":97,"column":40}},"line":97},"11":{"name":"(anonymous_11)","decl":{"start":{"line":100,"column":23},"end":{"line":100,"column":36}},"loc":{"start":{"line":100,"column":51},"end":{"line":102,"column":7}},"line":100},"12":{"name":"(anonymous_12)","decl":{"start":{"line":101,"column":4},"end":{"line":101,"column":15}},"loc":{"start":{"line":101,"column":24},"end":{"line":101,"column":86}},"line":101},"13":{"name":"(anonymous_13)","decl":{"start":{"line":101,"column":29},"end":{"line":101,"column":34}},"loc":{"start":{"line":101,"column":41},"end":{"line":101,"column":86}},"line":101},"14":{"name":"(anonymous_14)","decl":{"start":{"line":104,"column":19},"end":{"line":104,"column":37}},"loc":{"start":{"line":104,"column":37},"end":{"line":106,"column":7}},"line":104},"15":{"name":"(anonymous_15)","decl":{"start":{"line":105,"column":4},"end":{"line":105,"column":15}},"loc":{"start":{"line":105,"column":24},"end":{"line":105,"column":68}},"line":105},"16":{"name":"(anonymous_16)","decl":{"start":{"line":105,"column":29},"end":{"line":105,"column":34}},"loc":{"start":{"line":105,"column":41},"end":{"line":105,"column":68}},"line":105},"17":{"name":"(anonymous_17)","decl":{"start":{"line":108,"column":31},"end":{"line":108,"column":39}},"loc":{"start":{"line":108,"column":45},"end":{"line":108,"column":58}},"line":108},"18":{"name":"(anonymous_18)","decl":{"start":{"line":147,"column":27},"end":{"line":147,"column":32}},"loc":{"start":{"line":147,"column":49},"end":{"line":177,"column":null}},"line":147},"19":{"name":"(anonymous_19)","decl":{"start":{"line":172,"column":20},"end":{"line":172,"column":35}},"loc":{"start":{"line":172,"column":35},"end":{"line":172,"column":57}},"line":172}},"branchMap":{"0":{"loc":{"start":{"line":61,"column":2},"end":{"line":61,"column":null}},"type":"if","locations":[{"start":{"line":61,"column":2},"end":{"line":61,"column":null}},{"start":{},"end":{}}],"line":61},"1":{"loc":{"start":{"line":63,"column":2},"end":{"line":63,"column":null}},"type":"if","locations":[{"start":{"line":63,"column":2},"end":{"line":63,"column":null}},{"start":{},"end":{}}],"line":63},"2":{"loc":{"start":{"line":64,"column":2},"end":{"line":64,"column":null}},"type":"if","locations":[{"start":{"line":64,"column":2},"end":{"line":64,"column":null}},{"start":{},"end":{}}],"line":64},"3":{"loc":{"start":{"line":93,"column":6},"end":{"line":94,"column":null}},"type":"if","locations":[{"start":{"line":93,"column":6},"end":{"line":94,"column":null}},{"start":{},"end":{}}],"line":93},"4":{"loc":{"start":{"line":101,"column":41},"end":{"line":101,"column":86}},"type":"cond-expr","locations":[{"start":{"line":101,"column":55},"end":{"line":101,"column":83}},{"start":{"line":101,"column":83},"end":{"line":101,"column":86}}],"line":101},"5":{"loc":{"start":{"line":121,"column":57},"end":{"line":121,"column":null}},"type":"cond-expr","locations":[{"start":{"line":121,"column":86},"end":{"line":121,"column":92}},{"start":{"line":121,"column":92},"end":{"line":121,"column":null}}],"line":121},"6":{"loc":{"start":{"line":125,"column":9},"end":{"line":131,"column":null}},"type":"binary-expr","locations":[{"start":{"line":125,"column":9},"end":{"line":125,"column":null}},{"start":{"line":126,"column":10},"end":{"line":131,"column":null}}],"line":125},"7":{"loc":{"start":{"line":136,"column":7},"end":{"line":181,"column":null}},"type":"cond-expr","locations":[{"start":{"line":137,"column":8},"end":{"line":145,"column":9}},{"start":{"line":145,"column":8},"end":{"line":181,"column":null}}],"line":136},"8":{"loc":{"start":{"line":158,"column":54},"end":{"line":158,"column":84}},"type":"cond-expr","locations":[{"start":{"line":158,"column":66},"end":{"line":158,"column":81}},{"start":{"line":158,"column":81},"end":{"line":158,"column":84}}],"line":158}},"s":{"0":1,"1":1,"2":6,"3":1,"4":6,"5":1,"6":1,"7":12,"8":12,"9":0,"10":12,"11":12,"12":0,"13":12,"14":12,"15":0,"16":0,"17":3,"18":3,"19":3,"20":3,"21":3,"22":3,"23":3,"24":3,"25":2,"26":3,"27":3,"28":0,"29":0,"30":0,"31":0,"32":0,"33":0,"34":0,"35":3,"36":3,"37":3,"38":0,"39":0,"40":0,"41":3,"42":1,"43":1,"44":6,"45":3,"46":18,"47":3,"48":12,"49":12,"50":12,"51":0},"f":{"0":6,"1":6,"2":12,"3":3,"4":3,"5":3,"6":2,"7":3,"8":0,"9":0,"10":3,"11":0,"12":0,"13":0,"14":1,"15":1,"16":6,"17":18,"18":12,"19":0},"b":{"0":[0,12],"1":[0,12],"2":[12,0],"3":[0,0],"4":[0,0],"5":[3,0],"6":[3,2],"7":[1,2],"8":[12,0]},"meta":{"lastBranch":9,"lastFunction":20,"lastStatement":52,"seen":{"s:1:0:1:Infinity":0,"s:12:19:12:Infinity":1,"f:13:9:13:22":0,"s:14:2:14:Infinity":2,"s:20:4:27:Infinity":3,"f:29:9:29:19":1,"s:30:2:36:Infinity":4,"s:39:32:46:Infinity":5,"s:48:63:57:Infinity":6,"f:59:9:59:22":2,"s:60:18:60:66":7,"b:61:2:61:Infinity:undefined:undefined:undefined:undefined":0,"s:61:2:61:Infinity":8,"s:61:20:61:Infinity":9,"s:62:18:62:42":10,"b:63:2:63:Infinity:undefined:undefined:undefined:undefined":1,"s:63:2:63:Infinity":11,"s:63:21:63:Infinity":12,"b:64:2:64:Infinity:undefined:undefined:undefined:undefined":2,"s:64:2:64:Infinity":13,"s:64:20:64:Infinity":14,"s:65:16:65:40":15,"s:66:2:66:Infinity":16,"f:69:24:69:37":3,"s:70:8:70:77":17,"f:70:32:70:47":4,"s:70:53:70:77":18,"s:71:8:71:53":19,"f:71:20:71:35":5,"s:71:41:71:53":20,"s:73:17:73:63":21,"s:74:8:74:29":22,"s:75:8:75:40":23,"s:77:2:79:Infinity":24,"f:77:2:77:18":6,"s:78:4:78:Infinity":25,"s:81:2:98:Infinity":26,"f:81:2:81:18":7,"s:82:21:96:13":27,"f:82:21:82:39":8,"s:83:23:83:Infinity":28,"s:84:6:84:Infinity":29,"s:85:30:91:Infinity":30,"s:92:6:92:Infinity":31,"f:92:6:92:17":9,"s:92:26:92:45":32,"b:93:6:94:Infinity:undefined:undefined:undefined:undefined":3,"s:93:6:94:Infinity":33,"s:94:8:94:Infinity":34,"s:97:4:97:Infinity":35,"f:97:4:97:17":10,"s:97:17:97:40":36,"s:100:8:102:8":37,"f:100:23:100:36":11,"s:101:4:101:Infinity":38,"f:101:4:101:15":12,"s:101:24:101:86":39,"f:101:29:101:34":13,"s:101:41:101:86":40,"b:101:55:101:83:101:83:101:86":4,"s:104:8:106:8":41,"f:104:19:104:37":14,"s:105:4:105:Infinity":42,"f:105:4:105:15":15,"s:105:24:105:68":43,"f:105:29:105:34":16,"s:105:41:105:68":44,"s:108:24:108:58":45,"f:108:31:108:39":17,"s:108:45:108:58":46,"s:110:2:181:Infinity":47,"b:121:86:121:92:121:92:121:Infinity":5,"b:125:9:125:Infinity:126:10:131:Infinity":6,"b:137:8:145:9:145:8:181:Infinity":7,"f:147:27:147:32":18,"s:148:29:148:Infinity":48,"s:149:27:149:Infinity":49,"s:151:14:177:Infinity":50,"b:158:66:158:81:158:81:158:84":8,"f:172:20:172:35":19,"s:172:35:172:57":51}}}
,"C:\\Users\\abhin\\Desktop\\prompt-wars\\venue-iq\\src\\app\\components\\HomeTab.tsx": {"path":"C:\\Users\\abhin\\Desktop\\prompt-wars\\venue-iq\\src\\app\\components\\HomeTab.tsx","statementMap":{"0":{"start":{"line":1,"column":0},"end":{"line":1,"column":null}},"1":{"start":{"line":19,"column":8},"end":{"line":19,"column":45}},"2":{"start":{"line":19,"column":37},"end":{"line":19,"column":45}},"3":{"start":{"line":20,"column":8},"end":{"line":20,"column":45}},"4":{"start":{"line":20,"column":37},"end":{"line":20,"column":45}},"5":{"start":{"line":21,"column":8},"end":{"line":21,"column":57}},"6":{"start":{"line":21,"column":43},"end":{"line":21,"column":57}},"7":{"start":{"line":22,"column":8},"end":{"line":22,"column":63}},"8":{"start":{"line":22,"column":46},"end":{"line":22,"column":63}},"9":{"start":{"line":23,"column":8},"end":{"line":23,"column":59}},"10":{"start":{"line":23,"column":44},"end":{"line":23,"column":59}},"11":{"start":{"line":24,"column":8},"end":{"line":24,"column":63}},"12":{"start":{"line":24,"column":46},"end":{"line":24,"column":63}},"13":{"start":{"line":25,"column":8},"end":{"line":25,"column":69}},"14":{"start":{"line":25,"column":49},"end":{"line":25,"column":69}},"15":{"start":{"line":26,"column":8},"end":{"line":26,"column":73}},"16":{"start":{"line":26,"column":51},"end":{"line":26,"column":73}},"17":{"start":{"line":28,"column":20},"end":{"line":28,"column":63}},"18":{"start":{"line":30,"column":2},"end":{"line":33,"column":null}},"19":{"start":{"line":31,"column":21},"end":{"line":31,"column":63}},"20":{"start":{"line":31,"column":39},"end":{"line":31,"column":55}},"21":{"start":{"line":32,"column":4},"end":{"line":32,"column":null}},"22":{"start":{"line":32,"column":17},"end":{"line":32,"column":40}},"23":{"start":{"line":35,"column":8},"end":{"line":35,"column":50}},"24":{"start":{"line":36,"column":8},"end":{"line":36,"column":51}},"25":{"start":{"line":37,"column":8},"end":{"line":37,"column":51}},"26":{"start":{"line":39,"column":8},"end":{"line":41,"column":null}},"27":{"start":{"line":39,"column":27},"end":{"line":40,"column":75}},"28":{"start":{"line":45,"column":4},"end":{"line":45,"column":null}},"29":{"start":{"line":46,"column":4},"end":{"line":46,"column":null}},"30":{"start":{"line":49,"column":16},"end":{"line":70,"column":null}},"31":{"start":{"line":72,"column":23},"end":{"line":77,"column":null}},"32":{"start":{"line":79,"column":2},"end":{"line":340,"column":null}},"33":{"start":{"line":141,"column":31},"end":{"line":141,"column":61}},"34":{"start":{"line":218,"column":27},"end":{"line":218,"column":null}},"35":{"start":{"line":219,"column":14},"end":{"line":252,"column":null}},"36":{"start":{"line":245,"column":35},"end":{"line":245,"column":71}},"37":{"start":{"line":265,"column":16},"end":{"line":267,"column":null}},"38":{"start":{"line":277,"column":23},"end":{"line":277,"column":null}},"39":{"start":{"line":278,"column":10},"end":{"line":304,"column":null}},"40":{"start":{"line":317,"column":12},"end":{"line":328,"column":null}},"41":{"start":{"line":319,"column":29},"end":{"line":319,"column":62}},"42":{"start":{"line":337,"column":59},"end":{"line":337,"column":81}}},"fnMap":{"0":{"name":"HomeTab","decl":{"start":{"line":18,"column":24},"end":{"line":18,"column":34}},"loc":{"start":{"line":18,"column":34},"end":{"line":340,"column":null}},"line":18},"1":{"name":"(anonymous_1)","decl":{"start":{"line":19,"column":16},"end":{"line":19,"column":31}},"loc":{"start":{"line":19,"column":37},"end":{"line":19,"column":45}},"line":19},"2":{"name":"(anonymous_2)","decl":{"start":{"line":20,"column":16},"end":{"line":20,"column":31}},"loc":{"start":{"line":20,"column":37},"end":{"line":20,"column":45}},"line":20},"3":{"name":"(anonymous_3)","decl":{"start":{"line":21,"column":22},"end":{"line":21,"column":37}},"loc":{"start":{"line":21,"column":43},"end":{"line":21,"column":57}},"line":21},"4":{"name":"(anonymous_4)","decl":{"start":{"line":22,"column":25},"end":{"line":22,"column":40}},"loc":{"start":{"line":22,"column":46},"end":{"line":22,"column":63}},"line":22},"5":{"name":"(anonymous_5)","decl":{"start":{"line":23,"column":23},"end":{"line":23,"column":38}},"loc":{"start":{"line":23,"column":44},"end":{"line":23,"column":59}},"line":23},"6":{"name":"(anonymous_6)","decl":{"start":{"line":24,"column":25},"end":{"line":24,"column":40}},"loc":{"start":{"line":24,"column":46},"end":{"line":24,"column":63}},"line":24},"7":{"name":"(anonymous_7)","decl":{"start":{"line":25,"column":28},"end":{"line":25,"column":43}},"loc":{"start":{"line":25,"column":49},"end":{"line":25,"column":69}},"line":25},"8":{"name":"(anonymous_8)","decl":{"start":{"line":26,"column":30},"end":{"line":26,"column":45}},"loc":{"start":{"line":26,"column":51},"end":{"line":26,"column":73}},"line":26},"9":{"name":"(anonymous_9)","decl":{"start":{"line":30,"column":2},"end":{"line":30,"column":18}},"loc":{"start":{"line":30,"column":18},"end":{"line":33,"column":6}},"line":30},"10":{"name":"(anonymous_10)","decl":{"start":{"line":31,"column":21},"end":{"line":31,"column":39}},"loc":{"start":{"line":31,"column":39},"end":{"line":31,"column":55}},"line":31},"11":{"name":"(anonymous_11)","decl":{"start":{"line":32,"column":4},"end":{"line":32,"column":17}},"loc":{"start":{"line":32,"column":17},"end":{"line":32,"column":40}},"line":32},"12":{"name":"(anonymous_12)","decl":{"start":{"line":39,"column":27},"end":{"line":39,"column":null}},"loc":{"start":{"line":39,"column":27},"end":{"line":40,"column":75}},"line":39},"13":{"name":"handleQuickAction","decl":{"start":{"line":44,"column":11},"end":{"line":44,"column":29}},"loc":{"start":{"line":44,"column":46},"end":{"line":46,"column":null}},"line":44},"14":{"name":"(anonymous_14)","decl":{"start":{"line":141,"column":14},"end":{"line":141,"column":25}},"loc":{"start":{"line":141,"column":31},"end":{"line":141,"column":61}},"line":141},"15":{"name":"(anonymous_15)","decl":{"start":{"line":217,"column":14},"end":{"line":217,"column":19}},"loc":{"start":{"line":217,"column":28},"end":{"line":252,"column":null}},"line":217},"16":{"name":"(anonymous_16)","decl":{"start":{"line":245,"column":20},"end":{"line":245,"column":35}},"loc":{"start":{"line":245,"column":35},"end":{"line":245,"column":71}},"line":245},"17":{"name":"(anonymous_17)","decl":{"start":{"line":264,"column":37},"end":{"line":264,"column":42}},"loc":{"start":{"line":265,"column":16},"end":{"line":267,"column":null}},"line":265},"18":{"name":"(anonymous_18)","decl":{"start":{"line":276,"column":15},"end":{"line":276,"column":20}},"loc":{"start":{"line":276,"column":29},"end":{"line":304,"column":null}},"line":276},"19":{"name":"(anonymous_19)","decl":{"start":{"line":316,"column":24},"end":{"line":316,"column":29}},"loc":{"start":{"line":317,"column":12},"end":{"line":328,"column":null}},"line":317},"20":{"name":"(anonymous_20)","decl":{"start":{"line":319,"column":14},"end":{"line":319,"column":29}},"loc":{"start":{"line":319,"column":29},"end":{"line":319,"column":62}},"line":319},"21":{"name":"(anonymous_21)","decl":{"start":{"line":337,"column":44},"end":{"line":337,"column":59}},"loc":{"start":{"line":337,"column":59},"end":{"line":337,"column":81}},"line":337}},"branchMap":{"0":{"loc":{"start":{"line":51,"column":50},"end":{"line":51,"column":null}},"type":"binary-expr","locations":[{"start":{"line":51,"column":50},"end":{"line":51,"column":65}},{"start":{"line":51,"column":65},"end":{"line":51,"column":null}}],"line":51},"1":{"loc":{"start":{"line":52,"column":11},"end":{"line":52,"column":null}},"type":"cond-expr","locations":[{"start":{"line":52,"column":30},"end":{"line":52,"column":54}},{"start":{"line":52,"column":54},"end":{"line":52,"column":null}}],"line":52},"2":{"loc":{"start":{"line":117,"column":19},"end":{"line":117,"column":null}},"type":"cond-expr","locations":[{"start":{"line":117,"column":38},"end":{"line":117,"column":51}},{"start":{"line":117,"column":51},"end":{"line":117,"column":null}}],"line":117},"3":{"loc":{"start":{"line":122,"column":13},"end":{"line":125,"column":null}},"type":"binary-expr","locations":[{"start":{"line":122,"column":13},"end":{"line":122,"column":35}},{"start":{"line":122,"column":35},"end":{"line":122,"column":57}},{"start":{"line":122,"column":57},"end":{"line":122,"column":null}},{"start":{"line":123,"column":14},"end":{"line":125,"column":null}}],"line":122},"4":{"loc":{"start":{"line":146,"column":11},"end":{"line":155,"column":null}},"type":"cond-expr","locations":[{"start":{"line":147,"column":12},"end":{"line":155,"column":13}},{"start":{"line":155,"column":12},"end":{"line":155,"column":null}}],"line":146},"5":{"loc":{"start":{"line":163,"column":16},"end":{"line":165,"column":null}},"type":"cond-expr","locations":[{"start":{"line":164,"column":20},"end":{"line":164,"column":null}},{"start":{"line":165,"column":20},"end":{"line":165,"column":null}}],"line":163},"6":{"loc":{"start":{"line":171,"column":16},"end":{"line":171,"column":null}},"type":"cond-expr","locations":[{"start":{"line":171,"column":36},"end":{"line":171,"column":52}},{"start":{"line":171,"column":52},"end":{"line":171,"column":null}}],"line":171},"7":{"loc":{"start":{"line":174,"column":18},"end":{"line":174,"column":null}},"type":"cond-expr","locations":[{"start":{"line":174,"column":38},"end":{"line":174,"column":56}},{"start":{"line":174,"column":56},"end":{"line":174,"column":null}}],"line":174},"8":{"loc":{"start":{"line":179,"column":15},"end":{"line":179,"column":null}},"type":"cond-expr","locations":[{"start":{"line":179,"column":35},"end":{"line":179,"column":86}},{"start":{"line":179,"column":86},"end":{"line":179,"column":null}}],"line":179},"9":{"loc":{"start":{"line":186,"column":7},"end":{"line":268,"column":null}},"type":"binary-expr","locations":[{"start":{"line":186,"column":7},"end":{"line":186,"column":null}},{"start":{"line":187,"column":8},"end":{"line":268,"column":null}}],"line":186},"10":{"loc":{"start":{"line":197,"column":15},"end":{"line":203,"column":15}},"type":"binary-expr","locations":[{"start":{"line":197,"column":15},"end":{"line":197,"column":null}},{"start":{"line":198,"column":16},"end":{"line":203,"column":15}}],"line":197},"11":{"loc":{"start":{"line":228,"column":65},"end":{"line":228,"column":104}},"type":"cond-expr","locations":[{"start":{"line":228,"column":77},"end":{"line":228,"column":94}},{"start":{"line":228,"column":94},"end":{"line":228,"column":104}}],"line":228},"12":{"loc":{"start":{"line":229,"column":21},"end":{"line":230,"column":null}},"type":"binary-expr","locations":[{"start":{"line":229,"column":21},"end":{"line":229,"column":34}},{"start":{"line":229,"column":34},"end":{"line":229,"column":58}},{"start":{"line":229,"column":58},"end":{"line":229,"column":null}},{"start":{"line":230,"column":22},"end":{"line":230,"column":null}}],"line":229},"13":{"loc":{"start":{"line":234,"column":78},"end":{"line":234,"column":139}},"type":"cond-expr","locations":[{"start":{"line":234,"column":83},"end":{"line":234,"column":125}},{"start":{"line":234,"column":128},"end":{"line":234,"column":139}}],"line":234},"14":{"loc":{"start":{"line":235,"column":23},"end":{"line":235,"column":null}},"type":"cond-expr","locations":[{"start":{"line":235,"column":35},"end":{"line":235,"column":68}},{"start":{"line":235,"column":68},"end":{"line":235,"column":null}}],"line":235},"15":{"loc":{"start":{"line":238,"column":89},"end":{"line":238,"column":null}},"type":"cond-expr","locations":[{"start":{"line":238,"column":94},"end":{"line":238,"column":133}},{"start":{"line":238,"column":136},"end":{"line":238,"column":null}}],"line":238},"16":{"loc":{"start":{"line":240,"column":23},"end":{"line":240,"column":null}},"type":"cond-expr","locations":[{"start":{"line":240,"column":35},"end":{"line":240,"column":58}},{"start":{"line":240,"column":58},"end":{"line":240,"column":null}}],"line":240},"17":{"loc":{"start":{"line":245,"column":35},"end":{"line":245,"column":71}},"type":"binary-expr","locations":[{"start":{"line":245,"column":35},"end":{"line":245,"column":48}},{"start":{"line":245,"column":48},"end":{"line":245,"column":71}}],"line":245},"18":{"loc":{"start":{"line":258,"column":11},"end":{"line":268,"column":null}},"type":"binary-expr","locations":[{"start":{"line":258,"column":11},"end":{"line":258,"column":null}},{"start":{"line":259,"column":12},"end":{"line":268,"column":null}}],"line":258},"19":{"loc":{"start":{"line":289,"column":15},"end":{"line":294,"column":null}},"type":"cond-expr","locations":[{"start":{"line":290,"column":16},"end":{"line":294,"column":17}},{"start":{"line":294,"column":16},"end":{"line":294,"column":null}}],"line":289},"20":{"loc":{"start":{"line":296,"column":15},"end":{"line":301,"column":null}},"type":"binary-expr","locations":[{"start":{"line":296,"column":15},"end":{"line":296,"column":null}},{"start":{"line":297,"column":16},"end":{"line":301,"column":null}}],"line":296},"21":{"loc":{"start":{"line":336,"column":7},"end":{"line":339,"column":null}},"type":"binary-expr","locations":[{"start":{"line":336,"column":7},"end":{"line":336,"column":null}},{"start":{"line":337,"column":8},"end":{"line":339,"column":null}}],"line":336}},"s":{"0":1,"1":3,"2":3,"3":3,"4":3,"5":3,"6":3,"7":3,"8":3,"9":3,"10":3,"11":3,"12":3,"13":3,"14":3,"15":3,"16":3,"17":3,"18":3,"19":3,"20":0,"21":3,"22":3,"23":3,"24":3,"25":3,"26":3,"27":3,"28":0,"29":0,"30":3,"31":3,"32":3,"33":0,"34":12,"35":12,"36":0,"37":3,"38":12,"39":12,"40":12,"41":0,"42":0},"f":{"0":3,"1":3,"2":3,"3":3,"4":3,"5":3,"6":3,"7":3,"8":3,"9":3,"10":0,"11":3,"12":3,"13":0,"14":0,"15":12,"16":0,"17":3,"18":12,"19":12,"20":0,"21":0},"b":{"0":[3,0],"1":[3,0],"2":[3,0],"3":[3,0,0,0],"4":[3,0],"5":[0,3],"6":[0,3],"7":[0,3],"8":[0,3],"9":[3,3],"10":[3,0],"11":[3,9],"12":[12,3,3,0],"13":[3,9],"14":[3,9],"15":[3,9],"16":[3,9],"17":[0,0],"18":[3,3],"19":[3,9],"20":[12,9],"21":[3,0]},"meta":{"lastBranch":22,"lastFunction":22,"lastStatement":43,"seen":{"s:1:0:1:Infinity":0,"f:18:24:18:34":0,"s:19:8:19:45":1,"f:19:16:19:31":1,"s:19:37:19:45":2,"s:20:8:20:45":3,"f:20:16:20:31":2,"s:20:37:20:45":4,"s:21:8:21:57":5,"f:21:22:21:37":3,"s:21:43:21:57":6,"s:22:8:22:63":7,"f:22:25:22:40":4,"s:22:46:22:63":8,"s:23:8:23:59":9,"f:23:23:23:38":5,"s:23:44:23:59":10,"s:24:8:24:63":11,"f:24:25:24:40":6,"s:24:46:24:63":12,"s:25:8:25:69":13,"f:25:28:25:43":7,"s:25:49:25:69":14,"s:26:8:26:73":15,"f:26:30:26:45":8,"s:26:51:26:73":16,"s:28:20:28:63":17,"s:30:2:33:Infinity":18,"f:30:2:30:18":9,"s:31:21:31:63":19,"f:31:21:31:39":10,"s:31:39:31:55":20,"s:32:4:32:Infinity":21,"f:32:4:32:17":11,"s:32:17:32:40":22,"s:35:8:35:50":23,"s:36:8:36:51":24,"s:37:8:37:51":25,"s:39:8:41:Infinity":26,"f:39:27:39:Infinity":12,"s:39:27:40:75":27,"f:44:11:44:29":13,"s:45:4:45:Infinity":28,"s:46:4:46:Infinity":29,"s:49:16:70:Infinity":30,"b:51:50:51:65:51:65:51:Infinity":0,"b:52:30:52:54:52:54:52:Infinity":1,"s:72:23:77:Infinity":31,"s:79:2:340:Infinity":32,"b:117:38:117:51:117:51:117:Infinity":2,"b:122:13:122:35:122:35:122:57:122:57:122:Infinity:123:14:125:Infinity":3,"f:141:14:141:25":14,"s:141:31:141:61":33,"b:147:12:155:13:155:12:155:Infinity":4,"b:164:20:164:Infinity:165:20:165:Infinity":5,"b:171:36:171:52:171:52:171:Infinity":6,"b:174:38:174:56:174:56:174:Infinity":7,"b:179:35:179:86:179:86:179:Infinity":8,"b:186:7:186:Infinity:187:8:268:Infinity":9,"b:197:15:197:Infinity:198:16:203:15":10,"f:217:14:217:19":15,"s:218:27:218:Infinity":34,"s:219:14:252:Infinity":35,"b:228:77:228:94:228:94:228:104":11,"b:229:21:229:34:229:34:229:58:229:58:229:Infinity:230:22:230:Infinity":12,"b:234:83:234:125:234:128:234:139":13,"b:235:35:235:68:235:68:235:Infinity":14,"b:238:94:238:133:238:136:238:Infinity":15,"b:240:35:240:58:240:58:240:Infinity":16,"f:245:20:245:35":16,"s:245:35:245:71":36,"b:245:35:245:48:245:48:245:71":17,"b:258:11:258:Infinity:259:12:268:Infinity":18,"f:264:37:264:42":17,"s:265:16:267:Infinity":37,"f:276:15:276:20":18,"s:277:23:277:Infinity":38,"s:278:10:304:Infinity":39,"b:290:16:294:17:294:16:294:Infinity":19,"b:296:15:296:Infinity:297:16:301:Infinity":20,"f:316:24:316:29":19,"s:317:12:328:Infinity":40,"f:319:14:319:29":20,"s:319:29:319:62":41,"b:336:7:336:Infinity:337:8:339:Infinity":21,"f:337:44:337:59":21,"s:337:59:337:81":42}}}
,"C:\\Users\\abhin\\Desktop\\prompt-wars\\venue-iq\\src\\app\\components\\NavigationPanel.tsx": {"path":"C:\\Users\\abhin\\Desktop\\prompt-wars\\venue-iq\\src\\app\\components\\NavigationPanel.tsx","statementMap":{"0":{"start":{"line":1,"column":0},"end":{"line":1,"column":null}},"1":{"start":{"line":17,"column":8},"end":{"line":17,"column":57}},"2":{"start":{"line":17,"column":43},"end":{"line":17,"column":57}},"3":{"start":{"line":18,"column":8},"end":{"line":18,"column":69}},"4":{"start":{"line":18,"column":49},"end":{"line":18,"column":69}},"5":{"start":{"line":20,"column":8},"end":{"line":23,"column":46}},"6":{"start":{"line":21,"column":4},"end":{"line":21,"column":null}},"7":{"start":{"line":21,"column":29},"end":{"line":21,"column":null}},"8":{"start":{"line":22,"column":4},"end":{"line":22,"column":null}},"9":{"start":{"line":25,"column":2},"end":{"line":42,"column":null}},"10":{"start":{"line":26,"column":4},"end":{"line":42,"column":null}},"11":{"start":{"line":34,"column":125},"end":{"line":34,"column":144}},"12":{"start":{"line":46,"column":2},"end":{"line":146,"column":null}},"13":{"start":{"line":58,"column":24},"end":{"line":58,"column":43}},"14":{"start":{"line":104,"column":12},"end":{"line":133,"column":null}}},"fnMap":{"0":{"name":"NavigationPanel","decl":{"start":{"line":16,"column":24},"end":{"line":16,"column":40}},"loc":{"start":{"line":16,"column":83},"end":{"line":146,"column":null}},"line":16},"1":{"name":"(anonymous_1)","decl":{"start":{"line":17,"column":22},"end":{"line":17,"column":37}},"loc":{"start":{"line":17,"column":43},"end":{"line":17,"column":57}},"line":17},"2":{"name":"(anonymous_2)","decl":{"start":{"line":18,"column":28},"end":{"line":18,"column":43}},"loc":{"start":{"line":18,"column":49},"end":{"line":18,"column":69}},"line":18},"3":{"name":"(anonymous_3)","decl":{"start":{"line":20,"column":21},"end":{"line":20,"column":35}},"loc":{"start":{"line":20,"column":35},"end":{"line":23,"column":6}},"line":20},"4":{"name":"(anonymous_4)","decl":{"start":{"line":34,"column":109},"end":{"line":34,"column":119}},"loc":{"start":{"line":34,"column":125},"end":{"line":34,"column":144}},"line":34},"5":{"name":"(anonymous_5)","decl":{"start":{"line":58,"column":8},"end":{"line":58,"column":18}},"loc":{"start":{"line":58,"column":24},"end":{"line":58,"column":43}},"line":58},"6":{"name":"(anonymous_6)","decl":{"start":{"line":103,"column":28},"end":{"line":103,"column":33}},"loc":{"start":{"line":104,"column":12},"end":{"line":133,"column":null}},"line":104}},"branchMap":{"0":{"loc":{"start":{"line":21,"column":4},"end":{"line":21,"column":null}},"type":"if","locations":[{"start":{"line":21,"column":4},"end":{"line":21,"column":null}},{"start":{},"end":{}}],"line":21},"1":{"loc":{"start":{"line":25,"column":2},"end":{"line":42,"column":null}},"type":"if","locations":[{"start":{"line":25,"column":2},"end":{"line":42,"column":null}},{"start":{},"end":{}}],"line":25},"2":{"loc":{"start":{"line":96,"column":11},"end":{"line":97,"column":null}},"type":"binary-expr","locations":[{"start":{"line":96,"column":11},"end":{"line":96,"column":null}},{"start":{"line":97,"column":12},"end":{"line":97,"column":null}}],"line":96},"3":{"loc":{"start":{"line":114,"column":18},"end":{"line":116,"column":null}},"type":"cond-expr","locations":[{"start":{"line":115,"column":22},"end":{"line":115,"column":null}},{"start":{"line":116,"column":22},"end":{"line":116,"column":null}}],"line":114},"4":{"loc":{"start":{"line":120,"column":17},"end":{"line":121,"column":null}},"type":"binary-expr","locations":[{"start":{"line":120,"column":17},"end":{"line":120,"column":null}},{"start":{"line":121,"column":18},"end":{"line":121,"column":null}}],"line":120},"5":{"loc":{"start":{"line":128,"column":18},"end":{"line":128,"column":null}},"type":"cond-expr","locations":[{"start":{"line":128,"column":54},"end":{"line":128,"column":87}},{"start":{"line":128,"column":87},"end":{"line":128,"column":null}}],"line":128},"6":{"loc":{"start":{"line":138,"column":9},"end":{"line":143,"column":null}},"type":"binary-expr","locations":[{"start":{"line":138,"column":9},"end":{"line":138,"column":31}},{"start":{"line":138,"column":31},"end":{"line":138,"column":null}},{"start":{"line":139,"column":10},"end":{"line":143,"column":null}}],"line":138}},"s":{"0":1,"1":0,"2":0,"3":0,"4":0,"5":0,"6":0,"7":0,"8":0,"9":0,"10":0,"11":0,"12":0,"13":0,"14":0},"f":{"0":0,"1":0,"2":0,"3":0,"4":0,"5":0,"6":0},"b":{"0":[0,0],"1":[0,0],"2":[0,0],"3":[0,0],"4":[0,0],"5":[0,0],"6":[0,0,0]},"meta":{"lastBranch":7,"lastFunction":7,"lastStatement":15,"seen":{"s:1:0:1:Infinity":0,"f:16:24:16:40":0,"s:17:8:17:57":1,"f:17:22:17:37":1,"s:17:43:17:57":2,"s:18:8:18:69":3,"f:18:28:18:43":2,"s:18:49:18:69":4,"s:20:8:23:46":5,"f:20:21:20:35":3,"b:21:4:21:Infinity:undefined:undefined:undefined:undefined":0,"s:21:4:21:Infinity":6,"s:21:29:21:Infinity":7,"s:22:4:22:Infinity":8,"b:25:2:42:Infinity:undefined:undefined:undefined:undefined":1,"s:25:2:42:Infinity":9,"s:26:4:42:Infinity":10,"f:34:109:34:119":4,"s:34:125:34:144":11,"s:46:2:146:Infinity":12,"f:58:8:58:18":5,"s:58:24:58:43":13,"b:96:11:96:Infinity:97:12:97:Infinity":2,"f:103:28:103:33":6,"s:104:12:133:Infinity":14,"b:115:22:115:Infinity:116:22:116:Infinity":3,"b:120:17:120:Infinity:121:18:121:Infinity":4,"b:128:54:128:87:128:87:128:Infinity":5,"b:138:9:138:31:138:31:138:Infinity:139:10:143:Infinity":6}}}
,"C:\\Users\\abhin\\Desktop\\prompt-wars\\venue-iq\\src\\app\\components\\SplashScreen.tsx": {"path":"C:\\Users\\abhin\\Desktop\\prompt-wars\\venue-iq\\src\\app\\components\\SplashScreen.tsx","statementMap":{"0":{"start":{"line":1,"column":0},"end":{"line":1,"column":null}},"1":{"start":{"line":11,"column":18},"end":{"line":11,"column":46}},"2":{"start":{"line":13,"column":2},"end":{"line":16,"column":null}},"3":{"start":{"line":14,"column":18},"end":{"line":14,"column":59}},"4":{"start":{"line":14,"column":35},"end":{"line":14,"column":52}},"5":{"start":{"line":15,"column":4},"end":{"line":15,"column":null}},"6":{"start":{"line":15,"column":17},"end":{"line":15,"column":36}},"7":{"start":{"line":18,"column":2},"end":{"line":240,"column":null}},"8":{"start":{"line":73,"column":14},"end":{"line":91,"column":null}}},"fnMap":{"0":{"name":"SplashScreen","decl":{"start":{"line":10,"column":24},"end":{"line":10,"column":37}},"loc":{"start":{"line":10,"column":72},"end":{"line":240,"column":null}},"line":10},"1":{"name":"(anonymous_1)","decl":{"start":{"line":13,"column":2},"end":{"line":13,"column":18}},"loc":{"start":{"line":13,"column":18},"end":{"line":16,"column":7}},"line":13},"2":{"name":"(anonymous_2)","decl":{"start":{"line":14,"column":18},"end":{"line":14,"column":35}},"loc":{"start":{"line":14,"column":35},"end":{"line":14,"column":52}},"line":14},"3":{"name":"(anonymous_3)","decl":{"start":{"line":15,"column":4},"end":{"line":15,"column":17}},"loc":{"start":{"line":15,"column":17},"end":{"line":15,"column":36}},"line":15},"4":{"name":"(anonymous_4)","decl":{"start":{"line":72,"column":29},"end":{"line":72,"column":34}},"loc":{"start":{"line":73,"column":14},"end":{"line":91,"column":null}},"line":73}},"branchMap":{"0":{"loc":{"start":{"line":20,"column":7},"end":{"line":22,"column":null}},"type":"binary-expr","locations":[{"start":{"line":20,"column":7},"end":{"line":20,"column":null}},{"start":{"line":21,"column":8},"end":{"line":22,"column":null}}],"line":20}},"s":{"0":1,"1":1,"2":1,"3":1,"4":0,"5":1,"6":1,"7":1,"8":5},"f":{"0":1,"1":1,"2":0,"3":1,"4":5},"b":{"0":[1,1]},"meta":{"lastBranch":1,"lastFunction":5,"lastStatement":9,"seen":{"s:1:0:1:Infinity":0,"f:10:24:10:37":0,"s:11:18:11:46":1,"s:13:2:16:Infinity":2,"f:13:2:13:18":1,"s:14:18:14:59":3,"f:14:18:14:35":2,"s:14:35:14:52":4,"s:15:4:15:Infinity":5,"f:15:4:15:17":3,"s:15:17:15:36":6,"s:18:2:240:Infinity":7,"b:20:7:20:Infinity:21:8:22:Infinity":0,"f:72:29:72:34":4,"s:73:14:91:Infinity":8}}}
,"C:\\Users\\abhin\\Desktop\\prompt-wars\\venue-iq\\src\\lib\\venueData.ts": {"path":"C:\\Users\\abhin\\Desktop\\prompt-wars\\venue-iq\\src\\lib\\venueData.ts","statementMap":{"0":{"start":{"line":3,"column":37},"end":{"line":15,"column":null}},"1":{"start":{"line":17,"column":41},"end":{"line":22,"column":null}},"2":{"start":{"line":25,"column":2},"end":{"line":31,"column":null}},"3":{"start":{"line":27,"column":6},"end":{"line":27,"column":null}},"4":{"start":{"line":29,"column":6},"end":{"line":29,"column":null}},"5":{"start":{"line":31,"column":6},"end":{"line":31,"column":null}},"6":{"start":{"line":36,"column":2},"end":{"line":42,"column":null}},"7":{"start":{"line":38,"column":6},"end":{"line":38,"column":null}},"8":{"start":{"line":40,"column":6},"end":{"line":40,"column":null}},"9":{"start":{"line":42,"column":6},"end":{"line":42,"column":null}},"10":{"start":{"line":47,"column":19},"end":{"line":47,"column":55}},"11":{"start":{"line":47,"column":39},"end":{"line":47,"column":55}},"12":{"start":{"line":48,"column":2},"end":{"line":48,"column":null}},"13":{"start":{"line":48,"column":29},"end":{"line":48,"column":null}},"14":{"start":{"line":49,"column":2},"end":{"line":51,"column":null}},"15":{"start":{"line":50,"column":4},"end":{"line":50,"column":null}},"16":{"start":{"line":55,"column":45},"end":{"line":55,"column":null}},"17":{"start":{"line":56,"column":2},"end":{"line":56,"column":null}},"18":{"start":{"line":56,"column":23},"end":{"line":56,"column":46}},"19":{"start":{"line":58,"column":2},"end":{"line":58,"column":null}},"20":{"start":{"line":58,"column":65},"end":{"line":58,"column":null}},"21":{"start":{"line":59,"column":2},"end":{"line":59,"column":null}},"22":{"start":{"line":59,"column":35},"end":{"line":59,"column":null}},"23":{"start":{"line":60,"column":2},"end":{"line":60,"column":null}},"24":{"start":{"line":64,"column":19},"end":{"line":69,"column":15}},"25":{"start":{"line":67,"column":8},"end":{"line":67,"column":null}},"26":{"start":{"line":71,"column":2},"end":{"line":77,"column":null}},"27":{"start":{"line":91,"column":108},"end":{"line":96,"column":null}},"28":{"start":{"line":99,"column":12},"end":{"line":99,"column":40}},"29":{"start":{"line":101,"column":14},"end":{"line":101,"column":29}},"30":{"start":{"line":102,"column":2},"end":{"line":106,"column":null}},"31":{"start":{"line":103,"column":4},"end":{"line":103,"column":null}},"32":{"start":{"line":103,"column":34},"end":{"line":103,"column":null}},"33":{"start":{"line":104,"column":4},"end":{"line":104,"column":null}},"34":{"start":{"line":104,"column":34},"end":{"line":104,"column":null}},"35":{"start":{"line":105,"column":4},"end":{"line":105,"column":null}},"36":{"start":{"line":105,"column":34},"end":{"line":105,"column":null}},"37":{"start":{"line":106,"column":4},"end":{"line":106,"column":null}},"38":{"start":{"line":106,"column":34},"end":{"line":106,"column":null}},"39":{"start":{"line":109,"column":2},"end":{"line":109,"column":null}},"40":{"start":{"line":109,"column":25},"end":{"line":109,"column":null}},"41":{"start":{"line":110,"column":2},"end":{"line":110,"column":null}},"42":{"start":{"line":110,"column":25},"end":{"line":110,"column":null}},"43":{"start":{"line":111,"column":2},"end":{"line":111,"column":null}},"44":{"start":{"line":111,"column":25},"end":{"line":111,"column":null}},"45":{"start":{"line":112,"column":2},"end":{"line":112,"column":null}},"46":{"start":{"line":112,"column":25},"end":{"line":112,"column":null}},"47":{"start":{"line":113,"column":2},"end":{"line":113,"column":null}},"48":{"start":{"line":113,"column":25},"end":{"line":113,"column":null}},"49":{"start":{"line":115,"column":2},"end":{"line":115,"column":null}},"50":{"start":{"line":133,"column":2},"end":{"line":133,"column":null}},"51":{"start":{"line":133,"column":23},"end":{"line":133,"column":null}},"52":{"start":{"line":135,"column":15},"end":{"line":135,"column":38}},"53":{"start":{"line":136,"column":18},"end":{"line":136,"column":null}},"54":{"start":{"line":138,"column":8},"end":{"line":138,"column":65}},"55":{"start":{"line":138,"column":35},"end":{"line":138,"column":65}},"56":{"start":{"line":138,"column":53},"end":{"line":138,"column":65}},"57":{"start":{"line":140,"column":20},"end":{"line":140,"column":42}},"58":{"start":{"line":141,"column":20},"end":{"line":141,"column":42}},"59":{"start":{"line":142,"column":24},"end":{"line":142,"column":50}},"60":{"start":{"line":143,"column":23},"end":{"line":143,"column":48}},"61":{"start":{"line":146,"column":2},"end":{"line":157,"column":null}},"62":{"start":{"line":147,"column":10},"end":{"line":152,"column":null}},"63":{"start":{"line":148,"column":6},"end":{"line":148,"column":null}},"64":{"start":{"line":148,"column":27},"end":{"line":148,"column":null}},"65":{"start":{"line":149,"column":18},"end":{"line":151,"column":null}},"66":{"start":{"line":150,"column":23},"end":{"line":150,"column":55}},"67":{"start":{"line":151,"column":24},"end":{"line":151,"column":54}},"68":{"start":{"line":152,"column":6},"end":{"line":152,"column":null}},"69":{"start":{"line":154,"column":4},"end":{"line":154,"column":null}},"70":{"start":{"line":155,"column":4},"end":{"line":155,"column":null}},"71":{"start":{"line":156,"column":4},"end":{"line":156,"column":null}},"72":{"start":{"line":157,"column":4},"end":{"line":157,"column":null}},"73":{"start":{"line":160,"column":25},"end":{"line":160,"column":27}},"74":{"start":{"line":162,"column":2},"end":{"line":168,"column":null}},"75":{"start":{"line":163,"column":20},"end":{"line":165,"column":null}},"76":{"start":{"line":164,"column":21},"end":{"line":164,"column":106}},"77":{"start":{"line":165,"column":22},"end":{"line":165,"column":52}},"78":{"start":{"line":166,"column":4},"end":{"line":166,"column":null}},"79":{"start":{"line":168,"column":4},"end":{"line":168,"column":null}},"80":{"start":{"line":171,"column":2},"end":{"line":180,"column":null}},"81":{"start":{"line":172,"column":20},"end":{"line":174,"column":null}},"82":{"start":{"line":173,"column":21},"end":{"line":173,"column":111}},"83":{"start":{"line":174,"column":22},"end":{"line":174,"column":52}},"84":{"start":{"line":176,"column":4},"end":{"line":177,"column":null}},"85":{"start":{"line":177,"column":6},"end":{"line":177,"column":null}},"86":{"start":{"line":179,"column":13},"end":{"line":180,"column":null}},"87":{"start":{"line":180,"column":4},"end":{"line":180,"column":null}},"88":{"start":{"line":183,"column":2},"end":{"line":189,"column":null}},"89":{"start":{"line":184,"column":24},"end":{"line":186,"column":null}},"90":{"start":{"line":185,"column":21},"end":{"line":185,"column":119}},"91":{"start":{"line":186,"column":22},"end":{"line":186,"column":52}},"92":{"start":{"line":188,"column":4},"end":{"line":189,"column":null}},"93":{"start":{"line":189,"column":6},"end":{"line":189,"column":null}},"94":{"start":{"line":193,"column":2},"end":{"line":198,"column":null}},"95":{"start":{"line":194,"column":4},"end":{"line":195,"column":null}},"96":{"start":{"line":195,"column":6},"end":{"line":195,"column":null}},"97":{"start":{"line":197,"column":4},"end":{"line":198,"column":null}},"98":{"start":{"line":198,"column":6},"end":{"line":198,"column":null}},"99":{"start":{"line":202,"column":2},"end":{"line":203,"column":null}},"100":{"start":{"line":203,"column":4},"end":{"line":203,"column":null}},"101":{"start":{"line":206,"column":2},"end":{"line":213,"column":null}},"102":{"start":{"line":224,"column":44},"end":{"line":229,"column":null}},"103":{"start":{"line":231,"column":51},"end":{"line":237,"column":null}},"104":{"start":{"line":244,"column":15},"end":{"line":244,"column":42}},"105":{"start":{"line":245,"column":20},"end":{"line":245,"column":null}},"106":{"start":{"line":246,"column":20},"end":{"line":246,"column":null}},"107":{"start":{"line":247,"column":33},"end":{"line":247,"column":35}},"108":{"start":{"line":248,"column":16},"end":{"line":248,"column":null}},"109":{"start":{"line":251,"column":2},"end":{"line":255,"column":null}},"110":{"start":{"line":258,"column":2},"end":{"line":263,"column":null}},"111":{"start":{"line":259,"column":4},"end":{"line":263,"column":null}},"112":{"start":{"line":267,"column":21},"end":{"line":267,"column":72}},"113":{"start":{"line":268,"column":2},"end":{"line":282,"column":null}},"114":{"start":{"line":269,"column":23},"end":{"line":269,"column":42}},"115":{"start":{"line":270,"column":28},"end":{"line":270,"column":null}},"116":{"start":{"line":271,"column":4},"end":{"line":282,"column":null}},"117":{"start":{"line":272,"column":6},"end":{"line":276,"column":null}},"118":{"start":{"line":278,"column":6},"end":{"line":282,"column":null}},"119":{"start":{"line":287,"column":2},"end":{"line":291,"column":null}},"120":{"start":{"line":294,"column":19},"end":{"line":294,"column":null}},"121":{"start":{"line":295,"column":19},"end":{"line":295,"column":null}},"122":{"start":{"line":296,"column":2},"end":{"line":300,"column":null}},"123":{"start":{"line":303,"column":22},"end":{"line":303,"column":null}},"124":{"start":{"line":304,"column":27},"end":{"line":304,"column":null}},"125":{"start":{"line":305,"column":25},"end":{"line":305,"column":null}},"126":{"start":{"line":307,"column":2},"end":{"line":307,"column":null}},"127":{"start":{"line":312,"column":46},"end":{"line":317,"column":null}},"128":{"start":{"line":318,"column":2},"end":{"line":318,"column":null}}},"fnMap":{"0":{"name":"getCrowdColor","decl":{"start":{"line":24,"column":16},"end":{"line":24,"column":30}},"loc":{"start":{"line":24,"column":57},"end":{"line":31,"column":null}},"line":24},"1":{"name":"getCrowdBg","decl":{"start":{"line":35,"column":16},"end":{"line":35,"column":27}},"loc":{"start":{"line":35,"column":54},"end":{"line":42,"column":null}},"line":35},"2":{"name":"getBestZoneByType","decl":{"start":{"line":46,"column":16},"end":{"line":46,"column":34}},"loc":{"start":{"line":46,"column":71},"end":{"line":51,"column":null}},"line":46},"3":{"name":"(anonymous_3)","decl":{"start":{"line":47,"column":25},"end":{"line":47,"column":33}},"loc":{"start":{"line":47,"column":39},"end":{"line":47,"column":55}},"line":47},"4":{"name":"(anonymous_4)","decl":{"start":{"line":49,"column":18},"end":{"line":49,"column":26}},"loc":{"start":{"line":50,"column":4},"end":{"line":50,"column":null}},"line":50},"5":{"name":"getOverallCrowdLevel","decl":{"start":{"line":54,"column":16},"end":{"line":54,"column":37}},"loc":{"start":{"line":54,"column":64},"end":{"line":60,"column":null}},"line":54},"6":{"name":"(anonymous_6)","decl":{"start":{"line":56,"column":8},"end":{"line":56,"column":17}},"loc":{"start":{"line":56,"column":23},"end":{"line":56,"column":46}},"line":56},"7":{"name":"buildSystemPrompt","decl":{"start":{"line":63,"column":16},"end":{"line":63,"column":34}},"loc":{"start":{"line":63,"column":76},"end":{"line":77,"column":null}},"line":63},"8":{"name":"(anonymous_8)","decl":{"start":{"line":65,"column":5},"end":{"line":65,"column":null}},"loc":{"start":{"line":67,"column":8},"end":{"line":67,"column":null}},"line":67},"9":{"name":"getSectionArea","decl":{"start":{"line":98,"column":9},"end":{"line":98,"column":24}},"loc":{"start":{"line":98,"column":49},"end":{"line":115,"column":null}},"line":98},"10":{"name":"getPersonalizedInfo","decl":{"start":{"line":127,"column":16},"end":{"line":127,"column":null}},"loc":{"start":{"line":132,"column":27},"end":{"line":213,"column":null}},"line":132},"11":{"name":"(anonymous_11)","decl":{"start":{"line":138,"column":8},"end":{"line":138,"column":20}},"loc":{"start":{"line":138,"column":35},"end":{"line":138,"column":65}},"line":138},"12":{"name":"(anonymous_12)","decl":{"start":{"line":138,"column":41},"end":{"line":138,"column":47}},"loc":{"start":{"line":138,"column":53},"end":{"line":138,"column":65}},"line":138},"13":{"name":"(anonymous_13)","decl":{"start":{"line":147,"column":10},"end":{"line":147,"column":30}},"loc":{"start":{"line":147,"column":67},"end":{"line":152,"column":null}},"line":147},"14":{"name":"(anonymous_14)","decl":{"start":{"line":150,"column":9},"end":{"line":150,"column":17}},"loc":{"start":{"line":150,"column":23},"end":{"line":150,"column":55}},"line":150},"15":{"name":"(anonymous_15)","decl":{"start":{"line":151,"column":9},"end":{"line":151,"column":15}},"loc":{"start":{"line":151,"column":24},"end":{"line":151,"column":54}},"line":151},"16":{"name":"(anonymous_16)","decl":{"start":{"line":164,"column":7},"end":{"line":164,"column":15}},"loc":{"start":{"line":164,"column":21},"end":{"line":164,"column":106}},"line":164},"17":{"name":"(anonymous_17)","decl":{"start":{"line":165,"column":7},"end":{"line":165,"column":13}},"loc":{"start":{"line":165,"column":22},"end":{"line":165,"column":52}},"line":165},"18":{"name":"(anonymous_18)","decl":{"start":{"line":173,"column":7},"end":{"line":173,"column":15}},"loc":{"start":{"line":173,"column":21},"end":{"line":173,"column":111}},"line":173},"19":{"name":"(anonymous_19)","decl":{"start":{"line":174,"column":7},"end":{"line":174,"column":13}},"loc":{"start":{"line":174,"column":22},"end":{"line":174,"column":52}},"line":174},"20":{"name":"(anonymous_20)","decl":{"start":{"line":185,"column":7},"end":{"line":185,"column":15}},"loc":{"start":{"line":185,"column":21},"end":{"line":185,"column":119}},"line":185},"21":{"name":"(anonymous_21)","decl":{"start":{"line":186,"column":7},"end":{"line":186,"column":13}},"loc":{"start":{"line":186,"column":22},"end":{"line":186,"column":52}},"line":186},"22":{"name":"generateDirections","decl":{"start":{"line":239,"column":16},"end":{"line":239,"column":null}},"loc":{"start":{"line":243,"column":80},"end":{"line":307,"column":null}},"line":243},"23":{"name":"getZoneArea","decl":{"start":{"line":310,"column":9},"end":{"line":310,"column":21}},"loc":{"start":{"line":310,"column":41},"end":{"line":318,"column":null}},"line":310}},"branchMap":{"0":{"loc":{"start":{"line":25,"column":2},"end":{"line":31,"column":null}},"type":"switch","locations":[{"start":{"line":26,"column":4},"end":{"line":27,"column":null}},{"start":{"line":28,"column":4},"end":{"line":29,"column":null}},{"start":{"line":30,"column":4},"end":{"line":31,"column":null}}],"line":25},"1":{"loc":{"start":{"line":36,"column":2},"end":{"line":42,"column":null}},"type":"switch","locations":[{"start":{"line":37,"column":4},"end":{"line":38,"column":null}},{"start":{"line":39,"column":4},"end":{"line":40,"column":null}},{"start":{"line":41,"column":4},"end":{"line":42,"column":null}}],"line":36},"2":{"loc":{"start":{"line":48,"column":2},"end":{"line":48,"column":null}},"type":"if","locations":[{"start":{"line":48,"column":2},"end":{"line":48,"column":null}},{"start":{},"end":{}}],"line":48},"3":{"loc":{"start":{"line":50,"column":4},"end":{"line":50,"column":null}},"type":"cond-expr","locations":[{"start":{"line":50,"column":42},"end":{"line":50,"column":49}},{"start":{"line":50,"column":49},"end":{"line":50,"column":null}}],"line":50},"4":{"loc":{"start":{"line":58,"column":2},"end":{"line":58,"column":null}},"type":"if","locations":[{"start":{"line":58,"column":2},"end":{"line":58,"column":null}},{"start":{},"end":{}}],"line":58},"5":{"loc":{"start":{"line":58,"column":6},"end":{"line":58,"column":65}},"type":"binary-expr","locations":[{"start":{"line":58,"column":6},"end":{"line":58,"column":38}},{"start":{"line":58,"column":38},"end":{"line":58,"column":65}}],"line":58},"6":{"loc":{"start":{"line":59,"column":2},"end":{"line":59,"column":null}},"type":"if","locations":[{"start":{"line":59,"column":2},"end":{"line":59,"column":null}},{"start":{},"end":{}}],"line":59},"7":{"loc":{"start":{"line":102,"column":2},"end":{"line":106,"column":null}},"type":"if","locations":[{"start":{"line":102,"column":2},"end":{"line":106,"column":null}},{"start":{},"end":{}}],"line":102},"8":{"loc":{"start":{"line":103,"column":4},"end":{"line":103,"column":null}},"type":"if","locations":[{"start":{"line":103,"column":4},"end":{"line":103,"column":null}},{"start":{},"end":{}}],"line":103},"9":{"loc":{"start":{"line":103,"column":8},"end":{"line":103,"column":34}},"type":"binary-expr","locations":[{"start":{"line":103,"column":8},"end":{"line":103,"column":22}},{"start":{"line":103,"column":22},"end":{"line":103,"column":34}}],"line":103},"10":{"loc":{"start":{"line":104,"column":4},"end":{"line":104,"column":null}},"type":"if","locations":[{"start":{"line":104,"column":4},"end":{"line":104,"column":null}},{"start":{},"end":{}}],"line":104},"11":{"loc":{"start":{"line":104,"column":8},"end":{"line":104,"column":34}},"type":"binary-expr","locations":[{"start":{"line":104,"column":8},"end":{"line":104,"column":22}},{"start":{"line":104,"column":22},"end":{"line":104,"column":34}}],"line":104},"12":{"loc":{"start":{"line":105,"column":4},"end":{"line":105,"column":null}},"type":"if","locations":[{"start":{"line":105,"column":4},"end":{"line":105,"column":null}},{"start":{},"end":{}}],"line":105},"13":{"loc":{"start":{"line":105,"column":8},"end":{"line":105,"column":34}},"type":"binary-expr","locations":[{"start":{"line":105,"column":8},"end":{"line":105,"column":22}},{"start":{"line":105,"column":22},"end":{"line":105,"column":34}}],"line":105},"14":{"loc":{"start":{"line":106,"column":4},"end":{"line":106,"column":null}},"type":"if","locations":[{"start":{"line":106,"column":4},"end":{"line":106,"column":null}},{"start":{},"end":{}}],"line":106},"15":{"loc":{"start":{"line":106,"column":8},"end":{"line":106,"column":34}},"type":"binary-expr","locations":[{"start":{"line":106,"column":8},"end":{"line":106,"column":22}},{"start":{"line":106,"column":22},"end":{"line":106,"column":34}}],"line":106},"16":{"loc":{"start":{"line":109,"column":2},"end":{"line":109,"column":null}},"type":"if","locations":[{"start":{"line":109,"column":2},"end":{"line":109,"column":null}},{"start":{},"end":{}}],"line":109},"17":{"loc":{"start":{"line":110,"column":2},"end":{"line":110,"column":null}},"type":"if","locations":[{"start":{"line":110,"column":2},"end":{"line":110,"column":null}},{"start":{},"end":{}}],"line":110},"18":{"loc":{"start":{"line":111,"column":2},"end":{"line":111,"column":null}},"type":"if","locations":[{"start":{"line":111,"column":2},"end":{"line":111,"column":null}},{"start":{},"end":{}}],"line":111},"19":{"loc":{"start":{"line":112,"column":2},"end":{"line":112,"column":null}},"type":"if","locations":[{"start":{"line":112,"column":2},"end":{"line":112,"column":null}},{"start":{},"end":{}}],"line":112},"20":{"loc":{"start":{"line":113,"column":2},"end":{"line":113,"column":null}},"type":"if","locations":[{"start":{"line":113,"column":2},"end":{"line":113,"column":null}},{"start":{},"end":{}}],"line":113},"21":{"loc":{"start":{"line":131,"column":2},"end":{"line":131,"column":null}},"type":"default-arg","locations":[{"start":{"line":131,"column":31},"end":{"line":131,"column":null}}],"line":131},"22":{"loc":{"start":{"line":133,"column":2},"end":{"line":133,"column":null}},"type":"if","locations":[{"start":{"line":133,"column":2},"end":{"line":133,"column":null}},{"start":{},"end":{}}],"line":133},"23":{"loc":{"start":{"line":146,"column":2},"end":{"line":157,"column":null}},"type":"if","locations":[{"start":{"line":146,"column":2},"end":{"line":157,"column":null}},{"start":{},"end":{}}],"line":146},"24":{"loc":{"start":{"line":148,"column":6},"end":{"line":148,"column":null}},"type":"if","locations":[{"start":{"line":148,"column":6},"end":{"line":148,"column":null}},{"start":{},"end":{}}],"line":148},"25":{"loc":{"start":{"line":150,"column":23},"end":{"line":150,"column":55}},"type":"binary-expr","locations":[{"start":{"line":150,"column":23},"end":{"line":150,"column":42}},{"start":{"line":150,"column":42},"end":{"line":150,"column":55}}],"line":150},"26":{"loc":{"start":{"line":152,"column":13},"end":{"line":152,"column":null}},"type":"binary-expr","locations":[{"start":{"line":152,"column":13},"end":{"line":152,"column":20}},{"start":{"line":152,"column":20},"end":{"line":152,"column":null}}],"line":152},"27":{"loc":{"start":{"line":162,"column":2},"end":{"line":168,"column":null}},"type":"if","locations":[{"start":{"line":162,"column":2},"end":{"line":168,"column":null}},{"start":{"line":167,"column":9},"end":{"line":168,"column":null}}],"line":162},"28":{"loc":{"start":{"line":164,"column":21},"end":{"line":164,"column":106}},"type":"binary-expr","locations":[{"start":{"line":164,"column":21},"end":{"line":164,"column":42}},{"start":{"line":164,"column":42},"end":{"line":164,"column":70}},{"start":{"line":164,"column":70},"end":{"line":164,"column":92}},{"start":{"line":164,"column":92},"end":{"line":164,"column":106}}],"line":164},"29":{"loc":{"start":{"line":171,"column":2},"end":{"line":180,"column":null}},"type":"if","locations":[{"start":{"line":171,"column":2},"end":{"line":180,"column":null}},{"start":{"line":179,"column":13},"end":{"line":180,"column":null}}],"line":171},"30":{"loc":{"start":{"line":171,"column":6},"end":{"line":171,"column":56}},"type":"binary-expr","locations":[{"start":{"line":171,"column":6},"end":{"line":171,"column":21}},{"start":{"line":171,"column":21},"end":{"line":171,"column":56}}],"line":171},"31":{"loc":{"start":{"line":173,"column":21},"end":{"line":173,"column":111}},"type":"binary-expr","locations":[{"start":{"line":173,"column":21},"end":{"line":173,"column":42}},{"start":{"line":173,"column":42},"end":{"line":173,"column":70}},{"start":{"line":173,"column":70},"end":{"line":173,"column":111}}],"line":173},"32":{"loc":{"start":{"line":173,"column":70},"end":{"line":173,"column":111}},"type":"cond-expr","locations":[{"start":{"line":173,"column":90},"end":{"line":173,"column":105}},{"start":{"line":173,"column":105},"end":{"line":173,"column":111}}],"line":173},"33":{"loc":{"start":{"line":176,"column":4},"end":{"line":177,"column":null}},"type":"if","locations":[{"start":{"line":176,"column":4},"end":{"line":177,"column":null}},{"start":{},"end":{}}],"line":176},"34":{"loc":{"start":{"line":176,"column":8},"end":{"line":176,"column":50}},"type":"binary-expr","locations":[{"start":{"line":176,"column":8},"end":{"line":176,"column":19}},{"start":{"line":176,"column":19},"end":{"line":176,"column":50}}],"line":176},"35":{"loc":{"start":{"line":179,"column":13},"end":{"line":180,"column":null}},"type":"if","locations":[{"start":{"line":179,"column":13},"end":{"line":180,"column":null}},{"start":{},"end":{}}],"line":179},"36":{"loc":{"start":{"line":183,"column":2},"end":{"line":189,"column":null}},"type":"if","locations":[{"start":{"line":183,"column":2},"end":{"line":189,"column":null}},{"start":{},"end":{}}],"line":183},"37":{"loc":{"start":{"line":183,"column":6},"end":{"line":183,"column":64}},"type":"binary-expr","locations":[{"start":{"line":183,"column":6},"end":{"line":183,"column":25}},{"start":{"line":183,"column":25},"end":{"line":183,"column":64}}],"line":183},"38":{"loc":{"start":{"line":185,"column":21},"end":{"line":185,"column":119}},"type":"binary-expr","locations":[{"start":{"line":185,"column":21},"end":{"line":185,"column":46}},{"start":{"line":185,"column":46},"end":{"line":185,"column":78}},{"start":{"line":185,"column":78},"end":{"line":185,"column":119}}],"line":185},"39":{"loc":{"start":{"line":185,"column":78},"end":{"line":185,"column":119}},"type":"cond-expr","locations":[{"start":{"line":185,"column":98},"end":{"line":185,"column":113}},{"start":{"line":185,"column":113},"end":{"line":185,"column":119}}],"line":185},"40":{"loc":{"start":{"line":188,"column":4},"end":{"line":189,"column":null}},"type":"if","locations":[{"start":{"line":188,"column":4},"end":{"line":189,"column":null}},{"start":{},"end":{}}],"line":188},"41":{"loc":{"start":{"line":188,"column":8},"end":{"line":188,"column":58}},"type":"binary-expr","locations":[{"start":{"line":188,"column":8},"end":{"line":188,"column":23}},{"start":{"line":188,"column":23},"end":{"line":188,"column":58}}],"line":188},"42":{"loc":{"start":{"line":193,"column":2},"end":{"line":198,"column":null}},"type":"if","locations":[{"start":{"line":193,"column":2},"end":{"line":198,"column":null}},{"start":{},"end":{}}],"line":193},"43":{"loc":{"start":{"line":194,"column":4},"end":{"line":195,"column":null}},"type":"if","locations":[{"start":{"line":194,"column":4},"end":{"line":195,"column":null}},{"start":{},"end":{}}],"line":194},"44":{"loc":{"start":{"line":194,"column":8},"end":{"line":194,"column":55}},"type":"binary-expr","locations":[{"start":{"line":194,"column":8},"end":{"line":194,"column":27}},{"start":{"line":194,"column":27},"end":{"line":194,"column":55}}],"line":194},"45":{"loc":{"start":{"line":197,"column":4},"end":{"line":198,"column":null}},"type":"if","locations":[{"start":{"line":197,"column":4},"end":{"line":198,"column":null}},{"start":{},"end":{}}],"line":197},"46":{"loc":{"start":{"line":202,"column":2},"end":{"line":203,"column":null}},"type":"if","locations":[{"start":{"line":202,"column":2},"end":{"line":203,"column":null}},{"start":{},"end":{}}],"line":202},"47":{"loc":{"start":{"line":242,"column":2},"end":{"line":242,"column":null}},"type":"default-arg","locations":[{"start":{"line":242,"column":24},"end":{"line":242,"column":null}}],"line":242},"48":{"loc":{"start":{"line":245,"column":20},"end":{"line":245,"column":null}},"type":"binary-expr","locations":[{"start":{"line":245,"column":20},"end":{"line":245,"column":41}},{"start":{"line":245,"column":41},"end":{"line":245,"column":null}}],"line":245},"49":{"loc":{"start":{"line":246,"column":20},"end":{"line":246,"column":null}},"type":"binary-expr","locations":[{"start":{"line":246,"column":20},"end":{"line":246,"column":53}},{"start":{"line":246,"column":53},"end":{"line":246,"column":null}}],"line":246},"50":{"loc":{"start":{"line":258,"column":2},"end":{"line":263,"column":null}},"type":"if","locations":[{"start":{"line":258,"column":2},"end":{"line":263,"column":null}},{"start":{},"end":{}}],"line":258},"51":{"loc":{"start":{"line":268,"column":2},"end":{"line":282,"column":null}},"type":"if","locations":[{"start":{"line":268,"column":2},"end":{"line":282,"column":null}},{"start":{},"end":{}}],"line":268},"52":{"loc":{"start":{"line":270,"column":28},"end":{"line":270,"column":null}},"type":"binary-expr","locations":[{"start":{"line":270,"column":28},"end":{"line":270,"column":55}},{"start":{"line":270,"column":55},"end":{"line":270,"column":null}}],"line":270},"53":{"loc":{"start":{"line":271,"column":4},"end":{"line":282,"column":null}},"type":"if","locations":[{"start":{"line":271,"column":4},"end":{"line":282,"column":null}},{"start":{"line":277,"column":11},"end":{"line":282,"column":null}}],"line":271},"54":{"loc":{"start":{"line":294,"column":19},"end":{"line":294,"column":null}},"type":"cond-expr","locations":[{"start":{"line":294,"column":44},"end":{"line":294,"column":91}},{"start":{"line":294,"column":91},"end":{"line":294,"column":null}}],"line":294},"55":{"loc":{"start":{"line":295,"column":19},"end":{"line":295,"column":null}},"type":"cond-expr","locations":[{"start":{"line":295,"column":39},"end":{"line":295,"column":59}},{"start":{"line":295,"column":59},"end":{"line":295,"column":null}}],"line":295},"56":{"loc":{"start":{"line":303,"column":22},"end":{"line":303,"column":null}},"type":"cond-expr","locations":[{"start":{"line":303,"column":35},"end":{"line":303,"column":39}},{"start":{"line":303,"column":39},"end":{"line":303,"column":null}}],"line":303},"57":{"loc":{"start":{"line":304,"column":27},"end":{"line":304,"column":null}},"type":"cond-expr","locations":[{"start":{"line":304,"column":40},"end":{"line":304,"column":58}},{"start":{"line":304,"column":58},"end":{"line":304,"column":null}}],"line":304},"58":{"loc":{"start":{"line":305,"column":25},"end":{"line":305,"column":null}},"type":"cond-expr","locations":[{"start":{"line":305,"column":38},"end":{"line":305,"column":44}},{"start":{"line":305,"column":44},"end":{"line":305,"column":null}}],"line":305},"59":{"loc":{"start":{"line":318,"column":9},"end":{"line":318,"column":null}},"type":"binary-expr","locations":[{"start":{"line":318,"column":9},"end":{"line":318,"column":33}},{"start":{"line":318,"column":33},"end":{"line":318,"column":null}}],"line":318}},"s":{"0":2,"1":2,"2":12,"3":10,"4":1,"5":1,"6":9,"7":7,"8":1,"9":1,"10":8,"11":46,"12":8,"13":0,"14":8,"15":4,"16":5,"17":5,"18":18,"19":5,"20":1,"21":4,"22":0,"23":4,"24":3,"25":33,"26":3,"27":2,"28":30,"29":30,"30":30,"31":26,"32":20,"33":6,"34":2,"35":4,"36":3,"37":1,"38":1,"39":4,"40":1,"41":3,"42":1,"43":2,"44":2,"45":1,"46":1,"47":0,"48":0,"49":0,"50":16,"51":2,"52":14,"53":14,"54":14,"55":56,"56":323,"57":14,"58":14,"59":14,"60":14,"61":14,"62":2,"63":8,"64":5,"65":3,"66":33,"67":1,"68":3,"69":2,"70":2,"71":2,"72":2,"73":14,"74":14,"75":2,"76":22,"77":6,"78":2,"79":12,"80":14,"81":5,"82":55,"83":0,"84":5,"85":5,"86":9,"87":6,"88":14,"89":4,"90":44,"91":0,"92":4,"93":4,"94":14,"95":2,"96":2,"97":2,"98":2,"99":14,"100":0,"101":14,"102":2,"103":2,"104":8,"105":8,"106":8,"107":8,"108":8,"109":8,"110":8,"111":2,"112":8,"113":8,"114":6,"115":6,"116":6,"117":1,"118":5,"119":8,"120":8,"121":8,"122":8,"123":8,"124":8,"125":8,"126":8,"127":14,"128":14},"f":{"0":12,"1":9,"2":8,"3":46,"4":4,"5":5,"6":18,"7":3,"8":33,"9":30,"10":16,"11":56,"12":323,"13":8,"14":33,"15":1,"16":22,"17":6,"18":55,"19":0,"20":44,"21":0,"22":8,"23":14},"b":{"0":[10,1,1],"1":[7,1,1],"2":[0,8],"3":[2,2],"4":[1,4],"5":[5,5],"6":[0,4],"7":[26,4],"8":[20,6],"9":[26,26],"10":[2,4],"11":[6,6],"12":[3,1],"13":[4,4],"14":[1,0],"15":[1,1],"16":[1,3],"17":[1,2],"18":[1,1],"19":[1,0],"20":[0,0],"21":[16],"22":[2,14],"23":[2,12],"24":[5,3],"25":[33,8],"26":[3,0],"27":[2,12],"28":[22,8,6,0],"29":[5,9],"30":[14,11],"31":[55,10,5],"32":[1,4],"33":[5,0],"34":[5,5],"35":[6,3],"36":[4,10],"37":[14,11],"38":[44,8,4],"39":[0,4],"40":[4,0],"41":[4,4],"42":[2,12],"43":[2,0],"44":[2,2],"45":[2,0],"46":[0,14],"47":[8],"48":[8,0],"49":[8,0],"50":[2,6],"51":[6,2],"52":[6,0],"53":[1,5],"54":[8,0],"55":[8,0],"56":[2,6],"57":[2,6],"58":[2,6],"59":[14,0]},"meta":{"lastBranch":60,"lastFunction":24,"lastStatement":129,"seen":{"s:3:37:15:Infinity":0,"s:17:41:22:Infinity":1,"f:24:16:24:30":0,"b:26:4:27:Infinity:28:4:29:Infinity:30:4:31:Infinity":0,"s:25:2:31:Infinity":2,"s:27:6:27:Infinity":3,"s:29:6:29:Infinity":4,"s:31:6:31:Infinity":5,"f:35:16:35:27":1,"b:37:4:38:Infinity:39:4:40:Infinity:41:4:42:Infinity":1,"s:36:2:42:Infinity":6,"s:38:6:38:Infinity":7,"s:40:6:40:Infinity":8,"s:42:6:42:Infinity":9,"f:46:16:46:34":2,"s:47:19:47:55":10,"f:47:25:47:33":3,"s:47:39:47:55":11,"b:48:2:48:Infinity:undefined:undefined:undefined:undefined":2,"s:48:2:48:Infinity":12,"s:48:29:48:Infinity":13,"s:49:2:51:Infinity":14,"f:49:18:49:26":4,"s:50:4:50:Infinity":15,"b:50:42:50:49:50:49:50:Infinity":3,"f:54:16:54:37":5,"s:55:45:55:Infinity":16,"s:56:2:56:Infinity":17,"f:56:8:56:17":6,"s:56:23:56:46":18,"b:58:2:58:Infinity:undefined:undefined:undefined:undefined":4,"s:58:2:58:Infinity":19,"b:58:6:58:38:58:38:58:65":5,"s:58:65:58:Infinity":20,"b:59:2:59:Infinity:undefined:undefined:undefined:undefined":6,"s:59:2:59:Infinity":21,"s:59:35:59:Infinity":22,"s:60:2:60:Infinity":23,"f:63:16:63:34":7,"s:64:19:69:15":24,"f:65:5:65:Infinity":8,"s:67:8:67:Infinity":25,"s:71:2:77:Infinity":26,"s:91:108:96:Infinity":27,"f:98:9:98:24":9,"s:99:12:99:40":28,"s:101:14:101:29":29,"b:102:2:106:Infinity:undefined:undefined:undefined:undefined":7,"s:102:2:106:Infinity":30,"b:103:4:103:Infinity:undefined:undefined:undefined:undefined":8,"s:103:4:103:Infinity":31,"b:103:8:103:22:103:22:103:34":9,"s:103:34:103:Infinity":32,"b:104:4:104:Infinity:undefined:undefined:undefined:undefined":10,"s:104:4:104:Infinity":33,"b:104:8:104:22:104:22:104:34":11,"s:104:34:104:Infinity":34,"b:105:4:105:Infinity:undefined:undefined:undefined:undefined":12,"s:105:4:105:Infinity":35,"b:105:8:105:22:105:22:105:34":13,"s:105:34:105:Infinity":36,"b:106:4:106:Infinity:undefined:undefined:undefined:undefined":14,"s:106:4:106:Infinity":37,"b:106:8:106:22:106:22:106:34":15,"s:106:34:106:Infinity":38,"b:109:2:109:Infinity:undefined:undefined:undefined:undefined":16,"s:109:2:109:Infinity":39,"s:109:25:109:Infinity":40,"b:110:2:110:Infinity:undefined:undefined:undefined:undefined":17,"s:110:2:110:Infinity":41,"s:110:25:110:Infinity":42,"b:111:2:111:Infinity:undefined:undefined:undefined:undefined":18,"s:111:2:111:Infinity":43,"s:111:25:111:Infinity":44,"b:112:2:112:Infinity:undefined:undefined:undefined:undefined":19,"s:112:2:112:Infinity":45,"s:112:25:112:Infinity":46,"b:113:2:113:Infinity:undefined:undefined:undefined:undefined":20,"s:113:2:113:Infinity":47,"s:113:25:113:Infinity":48,"s:115:2:115:Infinity":49,"f:127:16:127:Infinity":10,"b:131:31:131:Infinity":21,"b:133:2:133:Infinity:undefined:undefined:undefined:undefined":22,"s:133:2:133:Infinity":50,"s:133:23:133:Infinity":51,"s:135:15:135:38":52,"s:136:18:136:Infinity":53,"s:138:8:138:65":54,"f:138:8:138:20":11,"s:138:35:138:65":55,"f:138:41:138:47":12,"s:138:53:138:65":56,"s:140:20:140:42":57,"s:141:20:141:42":58,"s:142:24:142:50":59,"s:143:23:143:48":60,"b:146:2:157:Infinity:undefined:undefined:undefined:undefined":23,"s:146:2:157:Infinity":61,"s:147:10:152:Infinity":62,"f:147:10:147:30":13,"b:148:6:148:Infinity:undefined:undefined:undefined:undefined":24,"s:148:6:148:Infinity":63,"s:148:27:148:Infinity":64,"s:149:18:151:Infinity":65,"f:150:9:150:17":14,"s:150:23:150:55":66,"b:150:23:150:42:150:42:150:55":25,"f:151:9:151:15":15,"s:151:24:151:54":67,"s:152:6:152:Infinity":68,"b:152:13:152:20:152:20:152:Infinity":26,"s:154:4:154:Infinity":69,"s:155:4:155:Infinity":70,"s:156:4:156:Infinity":71,"s:157:4:157:Infinity":72,"s:160:25:160:27":73,"b:162:2:168:Infinity:167:9:168:Infinity":27,"s:162:2:168:Infinity":74,"s:163:20:165:Infinity":75,"f:164:7:164:15":16,"s:164:21:164:106":76,"b:164:21:164:42:164:42:164:70:164:70:164:92:164:92:164:106":28,"f:165:7:165:13":17,"s:165:22:165:52":77,"s:166:4:166:Infinity":78,"s:168:4:168:Infinity":79,"b:171:2:180:Infinity:179:13:180:Infinity":29,"s:171:2:180:Infinity":80,"b:171:6:171:21:171:21:171:56":30,"s:172:20:174:Infinity":81,"f:173:7:173:15":18,"s:173:21:173:111":82,"b:173:21:173:42:173:42:173:70:173:70:173:111":31,"b:173:90:173:105:173:105:173:111":32,"f:174:7:174:13":19,"s:174:22:174:52":83,"b:176:4:177:Infinity:undefined:undefined:undefined:undefined":33,"s:176:4:177:Infinity":84,"b:176:8:176:19:176:19:176:50":34,"s:177:6:177:Infinity":85,"b:179:13:180:Infinity:undefined:undefined:undefined:undefined":35,"s:179:13:180:Infinity":86,"s:180:4:180:Infinity":87,"b:183:2:189:Infinity:undefined:undefined:undefined:undefined":36,"s:183:2:189:Infinity":88,"b:183:6:183:25:183:25:183:64":37,"s:184:24:186:Infinity":89,"f:185:7:185:15":20,"s:185:21:185:119":90,"b:185:21:185:46:185:46:185:78:185:78:185:119":38,"b:185:98:185:113:185:113:185:119":39,"f:186:7:186:13":21,"s:186:22:186:52":91,"b:188:4:189:Infinity:undefined:undefined:undefined:undefined":40,"s:188:4:189:Infinity":92,"b:188:8:188:23:188:23:188:58":41,"s:189:6:189:Infinity":93,"b:193:2:198:Infinity:undefined:undefined:undefined:undefined":42,"s:193:2:198:Infinity":94,"b:194:4:195:Infinity:undefined:undefined:undefined:undefined":43,"s:194:4:195:Infinity":95,"b:194:8:194:27:194:27:194:55":44,"s:195:6:195:Infinity":96,"b:197:4:198:Infinity:undefined:undefined:undefined:undefined":45,"s:197:4:198:Infinity":97,"s:198:6:198:Infinity":98,"b:202:2:203:Infinity:undefined:undefined:undefined:undefined":46,"s:202:2:203:Infinity":99,"s:203:4:203:Infinity":100,"s:206:2:213:Infinity":101,"s:224:44:229:Infinity":102,"s:231:51:237:Infinity":103,"f:239:16:239:Infinity":22,"b:242:24:242:Infinity":47,"s:244:15:244:42":104,"s:245:20:245:Infinity":105,"b:245:20:245:41:245:41:245:Infinity":48,"s:246:20:246:Infinity":106,"b:246:20:246:53:246:53:246:Infinity":49,"s:247:33:247:35":107,"s:248:16:248:Infinity":108,"s:251:2:255:Infinity":109,"b:258:2:263:Infinity:undefined:undefined:undefined:undefined":50,"s:258:2:263:Infinity":110,"s:259:4:263:Infinity":111,"s:267:21:267:72":112,"b:268:2:282:Infinity:undefined:undefined:undefined:undefined":51,"s:268:2:282:Infinity":113,"s:269:23:269:42":114,"s:270:28:270:Infinity":115,"b:270:28:270:55:270:55:270:Infinity":52,"b:271:4:282:Infinity:277:11:282:Infinity":53,"s:271:4:282:Infinity":116,"s:272:6:276:Infinity":117,"s:278:6:282:Infinity":118,"s:287:2:291:Infinity":119,"s:294:19:294:Infinity":120,"b:294:44:294:91:294:91:294:Infinity":54,"s:295:19:295:Infinity":121,"b:295:39:295:59:295:59:295:Infinity":55,"s:296:2:300:Infinity":122,"s:303:22:303:Infinity":123,"b:303:35:303:39:303:39:303:Infinity":56,"s:304:27:304:Infinity":124,"b:304:40:304:58:304:58:304:Infinity":57,"s:305:25:305:Infinity":125,"b:305:38:305:44:305:44:305:Infinity":58,"s:307:2:307:Infinity":126,"f:310:9:310:21":23,"s:312:46:317:Infinity":127,"s:318:2:318:Infinity":128,"b:318:9:318:33:318:33:318:Infinity":59}}}
}
